                                      1 ;--------------------------------------------------------
                                      2 ; File Created by SDCC : free open source ANSI-C Compiler
                                      3 ; Version 4.0.7 #12016 (MINGW64)
                                      4 ;--------------------------------------------------------
                                      5 	.module main
                                      6 	.optsdcc -mgbz80
                                      7 	
                                      8 ;--------------------------------------------------------
                                      9 ; Public variables in this module
                                     10 ;--------------------------------------------------------
                                     11 	.globl _main
                                     12 	.globl _set_bkg_tiles
                                     13 	.globl _set_bkg_data
                                     14 	.globl _delay
                                     15 	.globl _map1
                                     16 	.globl _TileLabels
                                     17 ;--------------------------------------------------------
                                     18 ; special function registers
                                     19 ;--------------------------------------------------------
                                     20 ;--------------------------------------------------------
                                     21 ; ram data
                                     22 ;--------------------------------------------------------
                                     23 	.area _DATA
      000000                         24 _TileLabels::
      000000                         25 	.ds 128
      000080                         26 _map1::
      000080                         27 	.ds 600
                                     28 ;--------------------------------------------------------
                                     29 ; absolute external ram data
                                     30 ;--------------------------------------------------------
                                     31 	.area _DABS (ABS)
                                     32 ;--------------------------------------------------------
                                     33 ; global & static initialisations
                                     34 ;--------------------------------------------------------
                                     35 	.area _HOME
                                     36 	.area _GSINIT
                                     37 	.area _GSFINAL
                                     38 	.area _GSINIT
                                     39 ;gbr_1.c:26: unsigned char TileLabels[] =
      000000 21r00r00                40 	ld	hl, #_TileLabels
      000003 36 00                   41 	ld	(hl), #0x00
      000005 21r01r00                42 	ld	hl, #(_TileLabels + 0x0001)
      000008 36 00                   43 	ld	(hl), #0x00
      00000A 21r02r00                44 	ld	hl, #(_TileLabels + 0x0002)
      00000D 36 00                   45 	ld	(hl), #0x00
      00000F 21r03r00                46 	ld	hl, #(_TileLabels + 0x0003)
      000012 36 00                   47 	ld	(hl), #0x00
      000014 21r04r00                48 	ld	hl, #(_TileLabels + 0x0004)
      000017 36 00                   49 	ld	(hl), #0x00
      000019 21r05r00                50 	ld	hl, #(_TileLabels + 0x0005)
      00001C 36 00                   51 	ld	(hl), #0x00
      00001E 21r06r00                52 	ld	hl, #(_TileLabels + 0x0006)
      000021 36 00                   53 	ld	(hl), #0x00
      000023 21r07r00                54 	ld	hl, #(_TileLabels + 0x0007)
      000026 36 00                   55 	ld	(hl), #0x00
      000028 21r08r00                56 	ld	hl, #(_TileLabels + 0x0008)
      00002B 36 00                   57 	ld	(hl), #0x00
      00002D 21r09r00                58 	ld	hl, #(_TileLabels + 0x0009)
      000030 36 00                   59 	ld	(hl), #0x00
      000032 21r0Ar00                60 	ld	hl, #(_TileLabels + 0x000a)
      000035 36 00                   61 	ld	(hl), #0x00
      000037 21r0Br00                62 	ld	hl, #(_TileLabels + 0x000b)
      00003A 36 00                   63 	ld	(hl), #0x00
      00003C 21r0Cr00                64 	ld	hl, #(_TileLabels + 0x000c)
      00003F 36 00                   65 	ld	(hl), #0x00
      000041 21r0Dr00                66 	ld	hl, #(_TileLabels + 0x000d)
      000044 36 00                   67 	ld	(hl), #0x00
      000046 21r0Er00                68 	ld	hl, #(_TileLabels + 0x000e)
      000049 36 00                   69 	ld	(hl), #0x00
      00004B 21r0Fr00                70 	ld	hl, #(_TileLabels + 0x000f)
      00004E 36 00                   71 	ld	(hl), #0x00
      000050 21r10r00                72 	ld	hl, #(_TileLabels + 0x0010)
      000053 36 FF                   73 	ld	(hl), #0xff
      000055 21r11r00                74 	ld	hl, #(_TileLabels + 0x0011)
      000058 36 FF                   75 	ld	(hl), #0xff
      00005A 21r12r00                76 	ld	hl, #(_TileLabels + 0x0012)
      00005D 36 01                   77 	ld	(hl), #0x01
      00005F 21r13r00                78 	ld	hl, #(_TileLabels + 0x0013)
      000062 36 01                   79 	ld	(hl), #0x01
      000064 21r14r00                80 	ld	hl, #(_TileLabels + 0x0014)
      000067 36 01                   81 	ld	(hl), #0x01
      000069 21r15r00                82 	ld	hl, #(_TileLabels + 0x0015)
      00006C 36 01                   83 	ld	(hl), #0x01
      00006E 21r16r00                84 	ld	hl, #(_TileLabels + 0x0016)
      000071 36 01                   85 	ld	(hl), #0x01
      000073 21r17r00                86 	ld	hl, #(_TileLabels + 0x0017)
      000076 36 01                   87 	ld	(hl), #0x01
      000078 21r18r00                88 	ld	hl, #(_TileLabels + 0x0018)
      00007B 36 FF                   89 	ld	(hl), #0xff
      00007D 21r19r00                90 	ld	hl, #(_TileLabels + 0x0019)
      000080 36 FF                   91 	ld	(hl), #0xff
      000082 21r1Ar00                92 	ld	hl, #(_TileLabels + 0x001a)
      000085 36 10                   93 	ld	(hl), #0x10
      000087 21r1Br00                94 	ld	hl, #(_TileLabels + 0x001b)
      00008A 36 10                   95 	ld	(hl), #0x10
      00008C 21r1Cr00                96 	ld	hl, #(_TileLabels + 0x001c)
      00008F 36 10                   97 	ld	(hl), #0x10
      000091 21r1Dr00                98 	ld	hl, #(_TileLabels + 0x001d)
      000094 36 10                   99 	ld	(hl), #0x10
      000096 21r1Er00               100 	ld	hl, #(_TileLabels + 0x001e)
      000099 36 10                  101 	ld	(hl), #0x10
      00009B 21r1Fr00               102 	ld	hl, #(_TileLabels + 0x001f)
      00009E 36 10                  103 	ld	(hl), #0x10
      0000A0 21r20r00               104 	ld	hl, #(_TileLabels + 0x0020)
      0000A3 36 FF                  105 	ld	(hl), #0xff
      0000A5 21r21r00               106 	ld	hl, #(_TileLabels + 0x0021)
      0000A8 36 FF                  107 	ld	(hl), #0xff
      0000AA 21r22r00               108 	ld	hl, #(_TileLabels + 0x0022)
      0000AD 36 01                  109 	ld	(hl), #0x01
      0000AF 21r23r00               110 	ld	hl, #(_TileLabels + 0x0023)
      0000B2 36 01                  111 	ld	(hl), #0x01
      0000B4 21r24r00               112 	ld	hl, #(_TileLabels + 0x0024)
      0000B7 36 01                  113 	ld	(hl), #0x01
      0000B9 21r25r00               114 	ld	hl, #(_TileLabels + 0x0025)
      0000BC 36 01                  115 	ld	(hl), #0x01
      0000BE 21r26r00               116 	ld	hl, #(_TileLabels + 0x0026)
      0000C1 36 01                  117 	ld	(hl), #0x01
      0000C3 21r27r00               118 	ld	hl, #(_TileLabels + 0x0027)
      0000C6 36 01                  119 	ld	(hl), #0x01
      0000C8 21r28r00               120 	ld	hl, #(_TileLabels + 0x0028)
      0000CB 36 FF                  121 	ld	(hl), #0xff
      0000CD 21r29r00               122 	ld	hl, #(_TileLabels + 0x0029)
      0000D0 36 FF                  123 	ld	(hl), #0xff
      0000D2 21r2Ar00               124 	ld	hl, #(_TileLabels + 0x002a)
      0000D5 36 11                  125 	ld	(hl), #0x11
      0000D7 21r2Br00               126 	ld	hl, #(_TileLabels + 0x002b)
      0000DA 36 11                  127 	ld	(hl), #0x11
      0000DC 21r2Cr00               128 	ld	hl, #(_TileLabels + 0x002c)
      0000DF 36 11                  129 	ld	(hl), #0x11
      0000E1 21r2Dr00               130 	ld	hl, #(_TileLabels + 0x002d)
      0000E4 36 11                  131 	ld	(hl), #0x11
      0000E6 21r2Er00               132 	ld	hl, #(_TileLabels + 0x002e)
      0000E9 36 11                  133 	ld	(hl), #0x11
      0000EB 21r2Fr00               134 	ld	hl, #(_TileLabels + 0x002f)
      0000EE 36 11                  135 	ld	(hl), #0x11
      0000F0 21r30r00               136 	ld	hl, #(_TileLabels + 0x0030)
      0000F3 36 FF                  137 	ld	(hl), #0xff
      0000F5 21r31r00               138 	ld	hl, #(_TileLabels + 0x0031)
      0000F8 36 FF                  139 	ld	(hl), #0xff
      0000FA 21r32r00               140 	ld	hl, #(_TileLabels + 0x0032)
      0000FD 36 80                  141 	ld	(hl), #0x80
      0000FF 21r33r00               142 	ld	hl, #(_TileLabels + 0x0033)
      000102 36 80                  143 	ld	(hl), #0x80
      000104 21r34r00               144 	ld	hl, #(_TileLabels + 0x0034)
      000107 36 80                  145 	ld	(hl), #0x80
      000109 21r35r00               146 	ld	hl, #(_TileLabels + 0x0035)
      00010C 36 80                  147 	ld	(hl), #0x80
      00010E 21r36r00               148 	ld	hl, #(_TileLabels + 0x0036)
      000111 36 80                  149 	ld	(hl), #0x80
      000113 21r37r00               150 	ld	hl, #(_TileLabels + 0x0037)
      000116 36 80                  151 	ld	(hl), #0x80
      000118 21r38r00               152 	ld	hl, #(_TileLabels + 0x0038)
      00011B 36 FF                  153 	ld	(hl), #0xff
      00011D 21r39r00               154 	ld	hl, #(_TileLabels + 0x0039)
      000120 36 FF                  155 	ld	(hl), #0xff
      000122 21r3Ar00               156 	ld	hl, #(_TileLabels + 0x003a)
      000125 36 88                  157 	ld	(hl), #0x88
      000127 21r3Br00               158 	ld	hl, #(_TileLabels + 0x003b)
      00012A 36 88                  159 	ld	(hl), #0x88
      00012C 21r3Cr00               160 	ld	hl, #(_TileLabels + 0x003c)
      00012F 36 88                  161 	ld	(hl), #0x88
      000131 21r3Dr00               162 	ld	hl, #(_TileLabels + 0x003d)
      000134 36 88                  163 	ld	(hl), #0x88
      000136 21r3Er00               164 	ld	hl, #(_TileLabels + 0x003e)
      000139 36 88                  165 	ld	(hl), #0x88
      00013B 21r3Fr00               166 	ld	hl, #(_TileLabels + 0x003f)
      00013E 36 88                  167 	ld	(hl), #0x88
      000140 21r40r00               168 	ld	hl, #(_TileLabels + 0x0040)
      000143 36 AA                  169 	ld	(hl), #0xaa
      000145 21r41r00               170 	ld	hl, #(_TileLabels + 0x0041)
      000148 36 00                  171 	ld	(hl), #0x00
      00014A 21r42r00               172 	ld	hl, #(_TileLabels + 0x0042)
      00014D 36 55                  173 	ld	(hl), #0x55
      00014F 21r43r00               174 	ld	hl, #(_TileLabels + 0x0043)
      000152 36 00                  175 	ld	(hl), #0x00
      000154 21r44r00               176 	ld	hl, #(_TileLabels + 0x0044)
      000157 36 AA                  177 	ld	(hl), #0xaa
      000159 21r45r00               178 	ld	hl, #(_TileLabels + 0x0045)
      00015C 36 00                  179 	ld	(hl), #0x00
      00015E 21r46r00               180 	ld	hl, #(_TileLabels + 0x0046)
      000161 36 55                  181 	ld	(hl), #0x55
      000163 21r47r00               182 	ld	hl, #(_TileLabels + 0x0047)
      000166 36 00                  183 	ld	(hl), #0x00
      000168 21r48r00               184 	ld	hl, #(_TileLabels + 0x0048)
      00016B 36 AA                  185 	ld	(hl), #0xaa
      00016D 21r49r00               186 	ld	hl, #(_TileLabels + 0x0049)
      000170 36 00                  187 	ld	(hl), #0x00
      000172 21r4Ar00               188 	ld	hl, #(_TileLabels + 0x004a)
      000175 36 55                  189 	ld	(hl), #0x55
      000177 21r4Br00               190 	ld	hl, #(_TileLabels + 0x004b)
      00017A 36 00                  191 	ld	(hl), #0x00
      00017C 21r4Cr00               192 	ld	hl, #(_TileLabels + 0x004c)
      00017F 36 AA                  193 	ld	(hl), #0xaa
      000181 21r4Dr00               194 	ld	hl, #(_TileLabels + 0x004d)
      000184 36 00                  195 	ld	(hl), #0x00
      000186 21r4Er00               196 	ld	hl, #(_TileLabels + 0x004e)
      000189 36 55                  197 	ld	(hl), #0x55
      00018B 21r4Fr00               198 	ld	hl, #(_TileLabels + 0x004f)
      00018E 36 00                  199 	ld	(hl), #0x00
      000190 21r50r00               200 	ld	hl, #(_TileLabels + 0x0050)
      000193 36 00                  201 	ld	(hl), #0x00
      000195 21r51r00               202 	ld	hl, #(_TileLabels + 0x0051)
      000198 36 00                  203 	ld	(hl), #0x00
      00019A 21r52r00               204 	ld	hl, #(_TileLabels + 0x0052)
      00019D 36 FF                  205 	ld	(hl), #0xff
      00019F 21r53r00               206 	ld	hl, #(_TileLabels + 0x0053)
      0001A2 36 FF                  207 	ld	(hl), #0xff
      0001A4 21r54r00               208 	ld	hl, #(_TileLabels + 0x0054)
      0001A7 36 00                  209 	ld	(hl), #0x00
      0001A9 21r55r00               210 	ld	hl, #(_TileLabels + 0x0055)
      0001AC 36 FF                  211 	ld	(hl), #0xff
      0001AE 21r56r00               212 	ld	hl, #(_TileLabels + 0x0056)
      0001B1 36 FF                  213 	ld	(hl), #0xff
      0001B3 21r57r00               214 	ld	hl, #(_TileLabels + 0x0057)
      0001B6 36 00                  215 	ld	(hl), #0x00
      0001B8 21r58r00               216 	ld	hl, #(_TileLabels + 0x0058)
      0001BB 36 00                  217 	ld	(hl), #0x00
      0001BD 21r59r00               218 	ld	hl, #(_TileLabels + 0x0059)
      0001C0 36 00                  219 	ld	(hl), #0x00
      0001C2 21r5Ar00               220 	ld	hl, #(_TileLabels + 0x005a)
      0001C5 36 FF                  221 	ld	(hl), #0xff
      0001C7 21r5Br00               222 	ld	hl, #(_TileLabels + 0x005b)
      0001CA 36 FF                  223 	ld	(hl), #0xff
      0001CC 21r5Cr00               224 	ld	hl, #(_TileLabels + 0x005c)
      0001CF 36 00                  225 	ld	(hl), #0x00
      0001D1 21r5Dr00               226 	ld	hl, #(_TileLabels + 0x005d)
      0001D4 36 FF                  227 	ld	(hl), #0xff
      0001D6 21r5Er00               228 	ld	hl, #(_TileLabels + 0x005e)
      0001D9 36 FF                  229 	ld	(hl), #0xff
      0001DB 21r5Fr00               230 	ld	hl, #(_TileLabels + 0x005f)
      0001DE 36 00                  231 	ld	(hl), #0x00
      0001E0 21r60r00               232 	ld	hl, #(_TileLabels + 0x0060)
      0001E3 36 00                  233 	ld	(hl), #0x00
      0001E5 21r61r00               234 	ld	hl, #(_TileLabels + 0x0061)
      0001E8 36 00                  235 	ld	(hl), #0x00
      0001EA 21r62r00               236 	ld	hl, #(_TileLabels + 0x0062)
      0001ED 36 00                  237 	ld	(hl), #0x00
      0001EF 21r63r00               238 	ld	hl, #(_TileLabels + 0x0063)
      0001F2 36 00                  239 	ld	(hl), #0x00
      0001F4 21r64r00               240 	ld	hl, #(_TileLabels + 0x0064)
      0001F7 36 00                  241 	ld	(hl), #0x00
      0001F9 21r65r00               242 	ld	hl, #(_TileLabels + 0x0065)
      0001FC 36 00                  243 	ld	(hl), #0x00
      0001FE 21r66r00               244 	ld	hl, #(_TileLabels + 0x0066)
      000201 36 00                  245 	ld	(hl), #0x00
      000203 21r67r00               246 	ld	hl, #(_TileLabels + 0x0067)
      000206 36 00                  247 	ld	(hl), #0x00
      000208 21r68r00               248 	ld	hl, #(_TileLabels + 0x0068)
      00020B 36 00                  249 	ld	(hl), #0x00
      00020D 21r69r00               250 	ld	hl, #(_TileLabels + 0x0069)
      000210 36 00                  251 	ld	(hl), #0x00
      000212 21r6Ar00               252 	ld	hl, #(_TileLabels + 0x006a)
      000215 36 00                  253 	ld	(hl), #0x00
      000217 21r6Br00               254 	ld	hl, #(_TileLabels + 0x006b)
      00021A 36 00                  255 	ld	(hl), #0x00
      00021C 21r6Cr00               256 	ld	hl, #(_TileLabels + 0x006c)
      00021F 36 FF                  257 	ld	(hl), #0xff
      000221 21r6Dr00               258 	ld	hl, #(_TileLabels + 0x006d)
      000224 36 FF                  259 	ld	(hl), #0xff
      000226 21r6Er00               260 	ld	hl, #(_TileLabels + 0x006e)
      000229 36 FF                  261 	ld	(hl), #0xff
      00022B 21r6Fr00               262 	ld	hl, #(_TileLabels + 0x006f)
      00022E 36 FF                  263 	ld	(hl), #0xff
      000230 21r70r00               264 	ld	hl, #(_TileLabels + 0x0070)
      000233 36 FF                  265 	ld	(hl), #0xff
      000235 21r71r00               266 	ld	hl, #(_TileLabels + 0x0071)
      000238 36 FF                  267 	ld	(hl), #0xff
      00023A 21r72r00               268 	ld	hl, #(_TileLabels + 0x0072)
      00023D 36 FF                  269 	ld	(hl), #0xff
      00023F 21r73r00               270 	ld	hl, #(_TileLabels + 0x0073)
      000242 36 FF                  271 	ld	(hl), #0xff
      000244 21r74r00               272 	ld	hl, #(_TileLabels + 0x0074)
      000247 36 FF                  273 	ld	(hl), #0xff
      000249 21r75r00               274 	ld	hl, #(_TileLabels + 0x0075)
      00024C 36 FF                  275 	ld	(hl), #0xff
      00024E 21r76r00               276 	ld	hl, #(_TileLabels + 0x0076)
      000251 36 FF                  277 	ld	(hl), #0xff
      000253 21r77r00               278 	ld	hl, #(_TileLabels + 0x0077)
      000256 36 FF                  279 	ld	(hl), #0xff
      000258 21r78r00               280 	ld	hl, #(_TileLabels + 0x0078)
      00025B 36 FF                  281 	ld	(hl), #0xff
      00025D 21r79r00               282 	ld	hl, #(_TileLabels + 0x0079)
      000260 36 FF                  283 	ld	(hl), #0xff
      000262 21r7Ar00               284 	ld	hl, #(_TileLabels + 0x007a)
      000265 36 FF                  285 	ld	(hl), #0xff
      000267 21r7Br00               286 	ld	hl, #(_TileLabels + 0x007b)
      00026A 36 FF                  287 	ld	(hl), #0xff
      00026C 21r7Cr00               288 	ld	hl, #(_TileLabels + 0x007c)
      00026F 36 FF                  289 	ld	(hl), #0xff
      000271 21r7Dr00               290 	ld	hl, #(_TileLabels + 0x007d)
      000274 36 FF                  291 	ld	(hl), #0xff
      000276 21r7Er00               292 	ld	hl, #(_TileLabels + 0x007e)
      000279 36 FF                  293 	ld	(hl), #0xff
      00027B 21r7Fr00               294 	ld	hl, #(_TileLabels + 0x007f)
      00027E 36 FF                  295 	ld	(hl), #0xff
                                    296 ;map-1.c:25: unsigned char map1[] =
      000280 21r80r00               297 	ld	hl, #_map1
      000283 36 00                  298 	ld	(hl), #0x00
      000285 21r81r00               299 	ld	hl, #(_map1 + 0x0001)
      000288 36 00                  300 	ld	(hl), #0x00
      00028A 21r82r00               301 	ld	hl, #(_map1 + 0x0002)
      00028D 36 00                  302 	ld	(hl), #0x00
      00028F 21r83r00               303 	ld	hl, #(_map1 + 0x0003)
      000292 36 00                  304 	ld	(hl), #0x00
      000294 21r84r00               305 	ld	hl, #(_map1 + 0x0004)
      000297 36 00                  306 	ld	(hl), #0x00
      000299 21r85r00               307 	ld	hl, #(_map1 + 0x0005)
      00029C 36 00                  308 	ld	(hl), #0x00
      00029E 21r86r00               309 	ld	hl, #(_map1 + 0x0006)
      0002A1 36 00                  310 	ld	(hl), #0x00
      0002A3 21r87r00               311 	ld	hl, #(_map1 + 0x0007)
      0002A6 36 00                  312 	ld	(hl), #0x00
      0002A8 21r88r00               313 	ld	hl, #(_map1 + 0x0008)
      0002AB 36 00                  314 	ld	(hl), #0x00
      0002AD 21r89r00               315 	ld	hl, #(_map1 + 0x0009)
      0002B0 36 00                  316 	ld	(hl), #0x00
      0002B2 21r8Ar00               317 	ld	hl, #(_map1 + 0x000a)
      0002B5 36 00                  318 	ld	(hl), #0x00
      0002B7 21r8Br00               319 	ld	hl, #(_map1 + 0x000b)
      0002BA 36 00                  320 	ld	(hl), #0x00
      0002BC 21r8Cr00               321 	ld	hl, #(_map1 + 0x000c)
      0002BF 36 00                  322 	ld	(hl), #0x00
      0002C1 21r8Dr00               323 	ld	hl, #(_map1 + 0x000d)
      0002C4 36 00                  324 	ld	(hl), #0x00
      0002C6 21r8Er00               325 	ld	hl, #(_map1 + 0x000e)
      0002C9 36 00                  326 	ld	(hl), #0x00
      0002CB 21r8Fr00               327 	ld	hl, #(_map1 + 0x000f)
      0002CE 36 00                  328 	ld	(hl), #0x00
      0002D0 21r90r00               329 	ld	hl, #(_map1 + 0x0010)
      0002D3 36 00                  330 	ld	(hl), #0x00
      0002D5 21r91r00               331 	ld	hl, #(_map1 + 0x0011)
      0002D8 36 00                  332 	ld	(hl), #0x00
      0002DA 21r92r00               333 	ld	hl, #(_map1 + 0x0012)
      0002DD 36 00                  334 	ld	(hl), #0x00
      0002DF 21r93r00               335 	ld	hl, #(_map1 + 0x0013)
      0002E2 36 00                  336 	ld	(hl), #0x00
      0002E4 21r94r00               337 	ld	hl, #(_map1 + 0x0014)
      0002E7 36 00                  338 	ld	(hl), #0x00
      0002E9 21r95r00               339 	ld	hl, #(_map1 + 0x0015)
      0002EC 36 00                  340 	ld	(hl), #0x00
      0002EE 21r96r00               341 	ld	hl, #(_map1 + 0x0016)
      0002F1 36 00                  342 	ld	(hl), #0x00
      0002F3 21r97r00               343 	ld	hl, #(_map1 + 0x0017)
      0002F6 36 00                  344 	ld	(hl), #0x00
      0002F8 21r98r00               345 	ld	hl, #(_map1 + 0x0018)
      0002FB 36 00                  346 	ld	(hl), #0x00
      0002FD 21r99r00               347 	ld	hl, #(_map1 + 0x0019)
      000300 36 00                  348 	ld	(hl), #0x00
      000302 21r9Ar00               349 	ld	hl, #(_map1 + 0x001a)
      000305 36 00                  350 	ld	(hl), #0x00
      000307 21r9Br00               351 	ld	hl, #(_map1 + 0x001b)
      00030A 36 00                  352 	ld	(hl), #0x00
      00030C 21r9Cr00               353 	ld	hl, #(_map1 + 0x001c)
      00030F 36 00                  354 	ld	(hl), #0x00
      000311 21r9Dr00               355 	ld	hl, #(_map1 + 0x001d)
      000314 36 00                  356 	ld	(hl), #0x00
      000316 21r9Er00               357 	ld	hl, #(_map1 + 0x001e)
      000319 36 00                  358 	ld	(hl), #0x00
      00031B 21r9Fr00               359 	ld	hl, #(_map1 + 0x001f)
      00031E 36 00                  360 	ld	(hl), #0x00
      000320 21rA0r00               361 	ld	hl, #(_map1 + 0x0020)
      000323 36 00                  362 	ld	(hl), #0x00
      000325 21rA1r00               363 	ld	hl, #(_map1 + 0x0021)
      000328 36 00                  364 	ld	(hl), #0x00
      00032A 21rA2r00               365 	ld	hl, #(_map1 + 0x0022)
      00032D 36 00                  366 	ld	(hl), #0x00
      00032F 21rA3r00               367 	ld	hl, #(_map1 + 0x0023)
      000332 36 00                  368 	ld	(hl), #0x00
      000334 21rA4r00               369 	ld	hl, #(_map1 + 0x0024)
      000337 36 00                  370 	ld	(hl), #0x00
      000339 21rA5r00               371 	ld	hl, #(_map1 + 0x0025)
      00033C 36 00                  372 	ld	(hl), #0x00
      00033E 21rA6r00               373 	ld	hl, #(_map1 + 0x0026)
      000341 36 00                  374 	ld	(hl), #0x00
      000343 21rA7r00               375 	ld	hl, #(_map1 + 0x0027)
      000346 36 00                  376 	ld	(hl), #0x00
      000348 21rA8r00               377 	ld	hl, #(_map1 + 0x0028)
      00034B 36 00                  378 	ld	(hl), #0x00
      00034D 21rA9r00               379 	ld	hl, #(_map1 + 0x0029)
      000350 36 00                  380 	ld	(hl), #0x00
      000352 21rAAr00               381 	ld	hl, #(_map1 + 0x002a)
      000355 36 00                  382 	ld	(hl), #0x00
      000357 21rABr00               383 	ld	hl, #(_map1 + 0x002b)
      00035A 36 00                  384 	ld	(hl), #0x00
      00035C 21rACr00               385 	ld	hl, #(_map1 + 0x002c)
      00035F 36 00                  386 	ld	(hl), #0x00
      000361 21rADr00               387 	ld	hl, #(_map1 + 0x002d)
      000364 36 00                  388 	ld	(hl), #0x00
      000366 21rAEr00               389 	ld	hl, #(_map1 + 0x002e)
      000369 36 00                  390 	ld	(hl), #0x00
      00036B 21rAFr00               391 	ld	hl, #(_map1 + 0x002f)
      00036E 36 00                  392 	ld	(hl), #0x00
      000370 21rB0r00               393 	ld	hl, #(_map1 + 0x0030)
      000373 36 00                  394 	ld	(hl), #0x00
      000375 21rB1r00               395 	ld	hl, #(_map1 + 0x0031)
      000378 36 00                  396 	ld	(hl), #0x00
      00037A 21rB2r00               397 	ld	hl, #(_map1 + 0x0032)
      00037D 36 00                  398 	ld	(hl), #0x00
      00037F 21rB3r00               399 	ld	hl, #(_map1 + 0x0033)
      000382 36 00                  400 	ld	(hl), #0x00
      000384 21rB4r00               401 	ld	hl, #(_map1 + 0x0034)
      000387 36 00                  402 	ld	(hl), #0x00
      000389 21rB5r00               403 	ld	hl, #(_map1 + 0x0035)
      00038C 36 00                  404 	ld	(hl), #0x00
      00038E 21rB6r00               405 	ld	hl, #(_map1 + 0x0036)
      000391 36 00                  406 	ld	(hl), #0x00
      000393 21rB7r00               407 	ld	hl, #(_map1 + 0x0037)
      000396 36 00                  408 	ld	(hl), #0x00
      000398 21rB8r00               409 	ld	hl, #(_map1 + 0x0038)
      00039B 36 00                  410 	ld	(hl), #0x00
      00039D 21rB9r00               411 	ld	hl, #(_map1 + 0x0039)
      0003A0 36 00                  412 	ld	(hl), #0x00
      0003A2 21rBAr00               413 	ld	hl, #(_map1 + 0x003a)
      0003A5 36 00                  414 	ld	(hl), #0x00
      0003A7 21rBBr00               415 	ld	hl, #(_map1 + 0x003b)
      0003AA 36 00                  416 	ld	(hl), #0x00
      0003AC 21rBCr00               417 	ld	hl, #(_map1 + 0x003c)
      0003AF 36 00                  418 	ld	(hl), #0x00
      0003B1 21rBDr00               419 	ld	hl, #(_map1 + 0x003d)
      0003B4 36 00                  420 	ld	(hl), #0x00
      0003B6 21rBEr00               421 	ld	hl, #(_map1 + 0x003e)
      0003B9 36 00                  422 	ld	(hl), #0x00
      0003BB 21rBFr00               423 	ld	hl, #(_map1 + 0x003f)
      0003BE 36 00                  424 	ld	(hl), #0x00
      0003C0 21rC0r00               425 	ld	hl, #(_map1 + 0x0040)
      0003C3 36 00                  426 	ld	(hl), #0x00
      0003C5 21rC1r00               427 	ld	hl, #(_map1 + 0x0041)
      0003C8 36 00                  428 	ld	(hl), #0x00
      0003CA 21rC2r00               429 	ld	hl, #(_map1 + 0x0042)
      0003CD 36 00                  430 	ld	(hl), #0x00
      0003CF 21rC3r00               431 	ld	hl, #(_map1 + 0x0043)
      0003D2 36 00                  432 	ld	(hl), #0x00
      0003D4 21rC4r00               433 	ld	hl, #(_map1 + 0x0044)
      0003D7 36 00                  434 	ld	(hl), #0x00
      0003D9 21rC5r00               435 	ld	hl, #(_map1 + 0x0045)
      0003DC 36 00                  436 	ld	(hl), #0x00
      0003DE 21rC6r00               437 	ld	hl, #(_map1 + 0x0046)
      0003E1 36 00                  438 	ld	(hl), #0x00
      0003E3 21rC7r00               439 	ld	hl, #(_map1 + 0x0047)
      0003E6 36 00                  440 	ld	(hl), #0x00
      0003E8 21rC8r00               441 	ld	hl, #(_map1 + 0x0048)
      0003EB 36 00                  442 	ld	(hl), #0x00
      0003ED 21rC9r00               443 	ld	hl, #(_map1 + 0x0049)
      0003F0 36 00                  444 	ld	(hl), #0x00
      0003F2 21rCAr00               445 	ld	hl, #(_map1 + 0x004a)
      0003F5 36 00                  446 	ld	(hl), #0x00
      0003F7 21rCBr00               447 	ld	hl, #(_map1 + 0x004b)
      0003FA 36 00                  448 	ld	(hl), #0x00
      0003FC 21rCCr00               449 	ld	hl, #(_map1 + 0x004c)
      0003FF 36 00                  450 	ld	(hl), #0x00
      000401 21rCDr00               451 	ld	hl, #(_map1 + 0x004d)
      000404 36 00                  452 	ld	(hl), #0x00
      000406 21rCEr00               453 	ld	hl, #(_map1 + 0x004e)
      000409 36 00                  454 	ld	(hl), #0x00
      00040B 21rCFr00               455 	ld	hl, #(_map1 + 0x004f)
      00040E 36 00                  456 	ld	(hl), #0x00
      000410 21rD0r00               457 	ld	hl, #(_map1 + 0x0050)
      000413 36 00                  458 	ld	(hl), #0x00
      000415 21rD1r00               459 	ld	hl, #(_map1 + 0x0051)
      000418 36 00                  460 	ld	(hl), #0x00
      00041A 21rD2r00               461 	ld	hl, #(_map1 + 0x0052)
      00041D 36 00                  462 	ld	(hl), #0x00
      00041F 21rD3r00               463 	ld	hl, #(_map1 + 0x0053)
      000422 36 00                  464 	ld	(hl), #0x00
      000424 21rD4r00               465 	ld	hl, #(_map1 + 0x0054)
      000427 36 00                  466 	ld	(hl), #0x00
      000429 21rD5r00               467 	ld	hl, #(_map1 + 0x0055)
      00042C 36 00                  468 	ld	(hl), #0x00
      00042E 21rD6r00               469 	ld	hl, #(_map1 + 0x0056)
      000431 36 00                  470 	ld	(hl), #0x00
      000433 21rD7r00               471 	ld	hl, #(_map1 + 0x0057)
      000436 36 00                  472 	ld	(hl), #0x00
      000438 21rD8r00               473 	ld	hl, #(_map1 + 0x0058)
      00043B 36 00                  474 	ld	(hl), #0x00
      00043D 21rD9r00               475 	ld	hl, #(_map1 + 0x0059)
      000440 36 00                  476 	ld	(hl), #0x00
      000442 21rDAr00               477 	ld	hl, #(_map1 + 0x005a)
      000445 36 00                  478 	ld	(hl), #0x00
      000447 21rDBr00               479 	ld	hl, #(_map1 + 0x005b)
      00044A 36 00                  480 	ld	(hl), #0x00
      00044C 21rDCr00               481 	ld	hl, #(_map1 + 0x005c)
      00044F 36 00                  482 	ld	(hl), #0x00
      000451 21rDDr00               483 	ld	hl, #(_map1 + 0x005d)
      000454 36 00                  484 	ld	(hl), #0x00
      000456 21rDEr00               485 	ld	hl, #(_map1 + 0x005e)
      000459 36 00                  486 	ld	(hl), #0x00
      00045B 21rDFr00               487 	ld	hl, #(_map1 + 0x005f)
      00045E 36 00                  488 	ld	(hl), #0x00
      000460 21rE0r00               489 	ld	hl, #(_map1 + 0x0060)
      000463 36 00                  490 	ld	(hl), #0x00
      000465 21rE1r00               491 	ld	hl, #(_map1 + 0x0061)
      000468 36 00                  492 	ld	(hl), #0x00
      00046A 21rE2r00               493 	ld	hl, #(_map1 + 0x0062)
      00046D 36 00                  494 	ld	(hl), #0x00
      00046F 21rE3r00               495 	ld	hl, #(_map1 + 0x0063)
      000472 36 00                  496 	ld	(hl), #0x00
      000474 21rE4r00               497 	ld	hl, #(_map1 + 0x0064)
      000477 36 00                  498 	ld	(hl), #0x00
      000479 21rE5r00               499 	ld	hl, #(_map1 + 0x0065)
      00047C 36 00                  500 	ld	(hl), #0x00
      00047E 21rE6r00               501 	ld	hl, #(_map1 + 0x0066)
      000481 36 00                  502 	ld	(hl), #0x00
      000483 21rE7r00               503 	ld	hl, #(_map1 + 0x0067)
      000486 36 00                  504 	ld	(hl), #0x00
      000488 21rE8r00               505 	ld	hl, #(_map1 + 0x0068)
      00048B 36 00                  506 	ld	(hl), #0x00
      00048D 21rE9r00               507 	ld	hl, #(_map1 + 0x0069)
      000490 36 00                  508 	ld	(hl), #0x00
      000492 21rEAr00               509 	ld	hl, #(_map1 + 0x006a)
      000495 36 00                  510 	ld	(hl), #0x00
      000497 21rEBr00               511 	ld	hl, #(_map1 + 0x006b)
      00049A 36 00                  512 	ld	(hl), #0x00
      00049C 21rECr00               513 	ld	hl, #(_map1 + 0x006c)
      00049F 36 00                  514 	ld	(hl), #0x00
      0004A1 21rEDr00               515 	ld	hl, #(_map1 + 0x006d)
      0004A4 36 00                  516 	ld	(hl), #0x00
      0004A6 21rEEr00               517 	ld	hl, #(_map1 + 0x006e)
      0004A9 36 00                  518 	ld	(hl), #0x00
      0004AB 21rEFr00               519 	ld	hl, #(_map1 + 0x006f)
      0004AE 36 00                  520 	ld	(hl), #0x00
      0004B0 21rF0r00               521 	ld	hl, #(_map1 + 0x0070)
      0004B3 36 00                  522 	ld	(hl), #0x00
      0004B5 21rF1r00               523 	ld	hl, #(_map1 + 0x0071)
      0004B8 36 00                  524 	ld	(hl), #0x00
      0004BA 21rF2r00               525 	ld	hl, #(_map1 + 0x0072)
      0004BD 36 00                  526 	ld	(hl), #0x00
      0004BF 21rF3r00               527 	ld	hl, #(_map1 + 0x0073)
      0004C2 36 00                  528 	ld	(hl), #0x00
      0004C4 21rF4r00               529 	ld	hl, #(_map1 + 0x0074)
      0004C7 36 00                  530 	ld	(hl), #0x00
      0004C9 21rF5r00               531 	ld	hl, #(_map1 + 0x0075)
      0004CC 36 00                  532 	ld	(hl), #0x00
      0004CE 21rF6r00               533 	ld	hl, #(_map1 + 0x0076)
      0004D1 36 00                  534 	ld	(hl), #0x00
      0004D3 21rF7r00               535 	ld	hl, #(_map1 + 0x0077)
      0004D6 36 00                  536 	ld	(hl), #0x00
      0004D8 21rF8r00               537 	ld	hl, #(_map1 + 0x0078)
      0004DB 36 00                  538 	ld	(hl), #0x00
      0004DD 21rF9r00               539 	ld	hl, #(_map1 + 0x0079)
      0004E0 36 00                  540 	ld	(hl), #0x00
      0004E2 21rFAr00               541 	ld	hl, #(_map1 + 0x007a)
      0004E5 36 00                  542 	ld	(hl), #0x00
      0004E7 21rFBr00               543 	ld	hl, #(_map1 + 0x007b)
      0004EA 36 00                  544 	ld	(hl), #0x00
      0004EC 21rFCr00               545 	ld	hl, #(_map1 + 0x007c)
      0004EF 36 00                  546 	ld	(hl), #0x00
      0004F1 21rFDr00               547 	ld	hl, #(_map1 + 0x007d)
      0004F4 36 00                  548 	ld	(hl), #0x00
      0004F6 21rFEr00               549 	ld	hl, #(_map1 + 0x007e)
      0004F9 36 00                  550 	ld	(hl), #0x00
      0004FB 21rFFr00               551 	ld	hl, #(_map1 + 0x007f)
      0004FE 36 00                  552 	ld	(hl), #0x00
      000500 21r00r01               553 	ld	hl, #(_map1 + 0x0080)
      000503 36 00                  554 	ld	(hl), #0x00
      000505 21r01r01               555 	ld	hl, #(_map1 + 0x0081)
      000508 36 00                  556 	ld	(hl), #0x00
      00050A 21r02r01               557 	ld	hl, #(_map1 + 0x0082)
      00050D 36 00                  558 	ld	(hl), #0x00
      00050F 21r03r01               559 	ld	hl, #(_map1 + 0x0083)
      000512 36 00                  560 	ld	(hl), #0x00
      000514 21r04r01               561 	ld	hl, #(_map1 + 0x0084)
      000517 36 00                  562 	ld	(hl), #0x00
      000519 21r05r01               563 	ld	hl, #(_map1 + 0x0085)
      00051C 36 00                  564 	ld	(hl), #0x00
      00051E 21r06r01               565 	ld	hl, #(_map1 + 0x0086)
      000521 36 00                  566 	ld	(hl), #0x00
      000523 21r07r01               567 	ld	hl, #(_map1 + 0x0087)
      000526 36 00                  568 	ld	(hl), #0x00
      000528 21r08r01               569 	ld	hl, #(_map1 + 0x0088)
      00052B 36 00                  570 	ld	(hl), #0x00
      00052D 21r09r01               571 	ld	hl, #(_map1 + 0x0089)
      000530 36 00                  572 	ld	(hl), #0x00
      000532 21r0Ar01               573 	ld	hl, #(_map1 + 0x008a)
      000535 36 00                  574 	ld	(hl), #0x00
      000537 21r0Br01               575 	ld	hl, #(_map1 + 0x008b)
      00053A 36 00                  576 	ld	(hl), #0x00
      00053C 21r0Cr01               577 	ld	hl, #(_map1 + 0x008c)
      00053F 36 00                  578 	ld	(hl), #0x00
      000541 21r0Dr01               579 	ld	hl, #(_map1 + 0x008d)
      000544 36 00                  580 	ld	(hl), #0x00
      000546 21r0Er01               581 	ld	hl, #(_map1 + 0x008e)
      000549 36 00                  582 	ld	(hl), #0x00
      00054B 21r0Fr01               583 	ld	hl, #(_map1 + 0x008f)
      00054E 36 00                  584 	ld	(hl), #0x00
      000550 21r10r01               585 	ld	hl, #(_map1 + 0x0090)
      000553 36 00                  586 	ld	(hl), #0x00
      000555 21r11r01               587 	ld	hl, #(_map1 + 0x0091)
      000558 36 00                  588 	ld	(hl), #0x00
      00055A 21r12r01               589 	ld	hl, #(_map1 + 0x0092)
      00055D 36 00                  590 	ld	(hl), #0x00
      00055F 21r13r01               591 	ld	hl, #(_map1 + 0x0093)
      000562 36 00                  592 	ld	(hl), #0x00
      000564 21r14r01               593 	ld	hl, #(_map1 + 0x0094)
      000567 36 00                  594 	ld	(hl), #0x00
      000569 21r15r01               595 	ld	hl, #(_map1 + 0x0095)
      00056C 36 00                  596 	ld	(hl), #0x00
      00056E 21r16r01               597 	ld	hl, #(_map1 + 0x0096)
      000571 36 00                  598 	ld	(hl), #0x00
      000573 21r17r01               599 	ld	hl, #(_map1 + 0x0097)
      000576 36 00                  600 	ld	(hl), #0x00
      000578 21r18r01               601 	ld	hl, #(_map1 + 0x0098)
      00057B 36 00                  602 	ld	(hl), #0x00
      00057D 21r19r01               603 	ld	hl, #(_map1 + 0x0099)
      000580 36 00                  604 	ld	(hl), #0x00
      000582 21r1Ar01               605 	ld	hl, #(_map1 + 0x009a)
      000585 36 00                  606 	ld	(hl), #0x00
      000587 21r1Br01               607 	ld	hl, #(_map1 + 0x009b)
      00058A 36 00                  608 	ld	(hl), #0x00
      00058C 21r1Cr01               609 	ld	hl, #(_map1 + 0x009c)
      00058F 36 00                  610 	ld	(hl), #0x00
      000591 21r1Dr01               611 	ld	hl, #(_map1 + 0x009d)
      000594 36 00                  612 	ld	(hl), #0x00
      000596 21r1Er01               613 	ld	hl, #(_map1 + 0x009e)
      000599 36 00                  614 	ld	(hl), #0x00
      00059B 21r1Fr01               615 	ld	hl, #(_map1 + 0x009f)
      00059E 36 00                  616 	ld	(hl), #0x00
      0005A0 21r20r01               617 	ld	hl, #(_map1 + 0x00a0)
      0005A3 36 00                  618 	ld	(hl), #0x00
      0005A5 21r21r01               619 	ld	hl, #(_map1 + 0x00a1)
      0005A8 36 00                  620 	ld	(hl), #0x00
      0005AA 21r22r01               621 	ld	hl, #(_map1 + 0x00a2)
      0005AD 36 00                  622 	ld	(hl), #0x00
      0005AF 21r23r01               623 	ld	hl, #(_map1 + 0x00a3)
      0005B2 36 00                  624 	ld	(hl), #0x00
      0005B4 21r24r01               625 	ld	hl, #(_map1 + 0x00a4)
      0005B7 36 00                  626 	ld	(hl), #0x00
      0005B9 21r25r01               627 	ld	hl, #(_map1 + 0x00a5)
      0005BC 36 00                  628 	ld	(hl), #0x00
      0005BE 21r26r01               629 	ld	hl, #(_map1 + 0x00a6)
      0005C1 36 00                  630 	ld	(hl), #0x00
      0005C3 21r27r01               631 	ld	hl, #(_map1 + 0x00a7)
      0005C6 36 00                  632 	ld	(hl), #0x00
      0005C8 21r28r01               633 	ld	hl, #(_map1 + 0x00a8)
      0005CB 36 00                  634 	ld	(hl), #0x00
      0005CD 21r29r01               635 	ld	hl, #(_map1 + 0x00a9)
      0005D0 36 00                  636 	ld	(hl), #0x00
      0005D2 21r2Ar01               637 	ld	hl, #(_map1 + 0x00aa)
      0005D5 36 00                  638 	ld	(hl), #0x00
      0005D7 21r2Br01               639 	ld	hl, #(_map1 + 0x00ab)
      0005DA 36 00                  640 	ld	(hl), #0x00
      0005DC 21r2Cr01               641 	ld	hl, #(_map1 + 0x00ac)
      0005DF 36 00                  642 	ld	(hl), #0x00
      0005E1 21r2Dr01               643 	ld	hl, #(_map1 + 0x00ad)
      0005E4 36 00                  644 	ld	(hl), #0x00
      0005E6 21r2Er01               645 	ld	hl, #(_map1 + 0x00ae)
      0005E9 36 00                  646 	ld	(hl), #0x00
      0005EB 21r2Fr01               647 	ld	hl, #(_map1 + 0x00af)
      0005EE 36 00                  648 	ld	(hl), #0x00
      0005F0 21r30r01               649 	ld	hl, #(_map1 + 0x00b0)
      0005F3 36 00                  650 	ld	(hl), #0x00
      0005F5 21r31r01               651 	ld	hl, #(_map1 + 0x00b1)
      0005F8 36 00                  652 	ld	(hl), #0x00
      0005FA 21r32r01               653 	ld	hl, #(_map1 + 0x00b2)
      0005FD 36 00                  654 	ld	(hl), #0x00
      0005FF 21r33r01               655 	ld	hl, #(_map1 + 0x00b3)
      000602 36 00                  656 	ld	(hl), #0x00
      000604 21r34r01               657 	ld	hl, #(_map1 + 0x00b4)
      000607 36 00                  658 	ld	(hl), #0x00
      000609 21r35r01               659 	ld	hl, #(_map1 + 0x00b5)
      00060C 36 00                  660 	ld	(hl), #0x00
      00060E 21r36r01               661 	ld	hl, #(_map1 + 0x00b6)
      000611 36 00                  662 	ld	(hl), #0x00
      000613 21r37r01               663 	ld	hl, #(_map1 + 0x00b7)
      000616 36 00                  664 	ld	(hl), #0x00
      000618 21r38r01               665 	ld	hl, #(_map1 + 0x00b8)
      00061B 36 00                  666 	ld	(hl), #0x00
      00061D 21r39r01               667 	ld	hl, #(_map1 + 0x00b9)
      000620 36 00                  668 	ld	(hl), #0x00
      000622 21r3Ar01               669 	ld	hl, #(_map1 + 0x00ba)
      000625 36 00                  670 	ld	(hl), #0x00
      000627 21r3Br01               671 	ld	hl, #(_map1 + 0x00bb)
      00062A 36 00                  672 	ld	(hl), #0x00
      00062C 21r3Cr01               673 	ld	hl, #(_map1 + 0x00bc)
      00062F 36 00                  674 	ld	(hl), #0x00
      000631 21r3Dr01               675 	ld	hl, #(_map1 + 0x00bd)
      000634 36 00                  676 	ld	(hl), #0x00
      000636 21r3Er01               677 	ld	hl, #(_map1 + 0x00be)
      000639 36 00                  678 	ld	(hl), #0x00
      00063B 21r3Fr01               679 	ld	hl, #(_map1 + 0x00bf)
      00063E 36 00                  680 	ld	(hl), #0x00
      000640 21r40r01               681 	ld	hl, #(_map1 + 0x00c0)
      000643 36 00                  682 	ld	(hl), #0x00
      000645 21r41r01               683 	ld	hl, #(_map1 + 0x00c1)
      000648 36 00                  684 	ld	(hl), #0x00
      00064A 21r42r01               685 	ld	hl, #(_map1 + 0x00c2)
      00064D 36 00                  686 	ld	(hl), #0x00
      00064F 21r43r01               687 	ld	hl, #(_map1 + 0x00c3)
      000652 36 00                  688 	ld	(hl), #0x00
      000654 21r44r01               689 	ld	hl, #(_map1 + 0x00c4)
      000657 36 00                  690 	ld	(hl), #0x00
      000659 21r45r01               691 	ld	hl, #(_map1 + 0x00c5)
      00065C 36 00                  692 	ld	(hl), #0x00
      00065E 21r46r01               693 	ld	hl, #(_map1 + 0x00c6)
      000661 36 00                  694 	ld	(hl), #0x00
      000663 21r47r01               695 	ld	hl, #(_map1 + 0x00c7)
      000666 36 00                  696 	ld	(hl), #0x00
      000668 21r48r01               697 	ld	hl, #(_map1 + 0x00c8)
      00066B 36 00                  698 	ld	(hl), #0x00
      00066D 21r49r01               699 	ld	hl, #(_map1 + 0x00c9)
      000670 36 00                  700 	ld	(hl), #0x00
      000672 21r4Ar01               701 	ld	hl, #(_map1 + 0x00ca)
      000675 36 00                  702 	ld	(hl), #0x00
      000677 21r4Br01               703 	ld	hl, #(_map1 + 0x00cb)
      00067A 36 00                  704 	ld	(hl), #0x00
      00067C 21r4Cr01               705 	ld	hl, #(_map1 + 0x00cc)
      00067F 36 00                  706 	ld	(hl), #0x00
      000681 21r4Dr01               707 	ld	hl, #(_map1 + 0x00cd)
      000684 36 00                  708 	ld	(hl), #0x00
      000686 21r4Er01               709 	ld	hl, #(_map1 + 0x00ce)
      000689 36 00                  710 	ld	(hl), #0x00
      00068B 21r4Fr01               711 	ld	hl, #(_map1 + 0x00cf)
      00068E 36 00                  712 	ld	(hl), #0x00
      000690 21r50r01               713 	ld	hl, #(_map1 + 0x00d0)
      000693 36 00                  714 	ld	(hl), #0x00
      000695 21r51r01               715 	ld	hl, #(_map1 + 0x00d1)
      000698 36 00                  716 	ld	(hl), #0x00
      00069A 21r52r01               717 	ld	hl, #(_map1 + 0x00d2)
      00069D 36 00                  718 	ld	(hl), #0x00
      00069F 21r53r01               719 	ld	hl, #(_map1 + 0x00d3)
      0006A2 36 00                  720 	ld	(hl), #0x00
      0006A4 21r54r01               721 	ld	hl, #(_map1 + 0x00d4)
      0006A7 36 00                  722 	ld	(hl), #0x00
      0006A9 21r55r01               723 	ld	hl, #(_map1 + 0x00d5)
      0006AC 36 00                  724 	ld	(hl), #0x00
      0006AE 21r56r01               725 	ld	hl, #(_map1 + 0x00d6)
      0006B1 36 00                  726 	ld	(hl), #0x00
      0006B3 21r57r01               727 	ld	hl, #(_map1 + 0x00d7)
      0006B6 36 00                  728 	ld	(hl), #0x00
      0006B8 21r58r01               729 	ld	hl, #(_map1 + 0x00d8)
      0006BB 36 00                  730 	ld	(hl), #0x00
      0006BD 21r59r01               731 	ld	hl, #(_map1 + 0x00d9)
      0006C0 36 00                  732 	ld	(hl), #0x00
      0006C2 21r5Ar01               733 	ld	hl, #(_map1 + 0x00da)
      0006C5 36 00                  734 	ld	(hl), #0x00
      0006C7 21r5Br01               735 	ld	hl, #(_map1 + 0x00db)
      0006CA 36 00                  736 	ld	(hl), #0x00
      0006CC 21r5Cr01               737 	ld	hl, #(_map1 + 0x00dc)
      0006CF 36 00                  738 	ld	(hl), #0x00
      0006D1 21r5Dr01               739 	ld	hl, #(_map1 + 0x00dd)
      0006D4 36 00                  740 	ld	(hl), #0x00
      0006D6 21r5Er01               741 	ld	hl, #(_map1 + 0x00de)
      0006D9 36 00                  742 	ld	(hl), #0x00
      0006DB 21r5Fr01               743 	ld	hl, #(_map1 + 0x00df)
      0006DE 36 00                  744 	ld	(hl), #0x00
      0006E0 21r60r01               745 	ld	hl, #(_map1 + 0x00e0)
      0006E3 36 00                  746 	ld	(hl), #0x00
      0006E5 21r61r01               747 	ld	hl, #(_map1 + 0x00e1)
      0006E8 36 00                  748 	ld	(hl), #0x00
      0006EA 21r62r01               749 	ld	hl, #(_map1 + 0x00e2)
      0006ED 36 00                  750 	ld	(hl), #0x00
      0006EF 21r63r01               751 	ld	hl, #(_map1 + 0x00e3)
      0006F2 36 00                  752 	ld	(hl), #0x00
      0006F4 21r64r01               753 	ld	hl, #(_map1 + 0x00e4)
      0006F7 36 00                  754 	ld	(hl), #0x00
      0006F9 21r65r01               755 	ld	hl, #(_map1 + 0x00e5)
      0006FC 36 00                  756 	ld	(hl), #0x00
      0006FE 21r66r01               757 	ld	hl, #(_map1 + 0x00e6)
      000701 36 00                  758 	ld	(hl), #0x00
      000703 21r67r01               759 	ld	hl, #(_map1 + 0x00e7)
      000706 36 00                  760 	ld	(hl), #0x00
      000708 21r68r01               761 	ld	hl, #(_map1 + 0x00e8)
      00070B 36 00                  762 	ld	(hl), #0x00
      00070D 21r69r01               763 	ld	hl, #(_map1 + 0x00e9)
      000710 36 00                  764 	ld	(hl), #0x00
      000712 21r6Ar01               765 	ld	hl, #(_map1 + 0x00ea)
      000715 36 00                  766 	ld	(hl), #0x00
      000717 21r6Br01               767 	ld	hl, #(_map1 + 0x00eb)
      00071A 36 00                  768 	ld	(hl), #0x00
      00071C 21r6Cr01               769 	ld	hl, #(_map1 + 0x00ec)
      00071F 36 00                  770 	ld	(hl), #0x00
      000721 21r6Dr01               771 	ld	hl, #(_map1 + 0x00ed)
      000724 36 00                  772 	ld	(hl), #0x00
      000726 21r6Er01               773 	ld	hl, #(_map1 + 0x00ee)
      000729 36 00                  774 	ld	(hl), #0x00
      00072B 21r6Fr01               775 	ld	hl, #(_map1 + 0x00ef)
      00072E 36 00                  776 	ld	(hl), #0x00
      000730 21r70r01               777 	ld	hl, #(_map1 + 0x00f0)
      000733 36 00                  778 	ld	(hl), #0x00
      000735 21r71r01               779 	ld	hl, #(_map1 + 0x00f1)
      000738 36 00                  780 	ld	(hl), #0x00
      00073A 21r72r01               781 	ld	hl, #(_map1 + 0x00f2)
      00073D 36 00                  782 	ld	(hl), #0x00
      00073F 21r73r01               783 	ld	hl, #(_map1 + 0x00f3)
      000742 36 00                  784 	ld	(hl), #0x00
      000744 21r74r01               785 	ld	hl, #(_map1 + 0x00f4)
      000747 36 03                  786 	ld	(hl), #0x03
      000749 21r75r01               787 	ld	hl, #(_map1 + 0x00f5)
      00074C 36 01                  788 	ld	(hl), #0x01
      00074E 21r76r01               789 	ld	hl, #(_map1 + 0x00f6)
      000751 36 01                  790 	ld	(hl), #0x01
      000753 21r77r01               791 	ld	hl, #(_map1 + 0x00f7)
      000756 36 01                  792 	ld	(hl), #0x01
      000758 21r78r01               793 	ld	hl, #(_map1 + 0x00f8)
      00075B 36 01                  794 	ld	(hl), #0x01
      00075D 21r79r01               795 	ld	hl, #(_map1 + 0x00f9)
      000760 36 01                  796 	ld	(hl), #0x01
      000762 21r7Ar01               797 	ld	hl, #(_map1 + 0x00fa)
      000765 36 01                  798 	ld	(hl), #0x01
      000767 21r7Br01               799 	ld	hl, #(_map1 + 0x00fb)
      00076A 36 01                  800 	ld	(hl), #0x01
      00076C 21r7Cr01               801 	ld	hl, #(_map1 + 0x00fc)
      00076F 36 02                  802 	ld	(hl), #0x02
      000771 21r7Dr01               803 	ld	hl, #(_map1 + 0x00fd)
      000774 36 00                  804 	ld	(hl), #0x00
      000776 21r7Er01               805 	ld	hl, #(_map1 + 0x00fe)
      000779 36 00                  806 	ld	(hl), #0x00
      00077B 21r7Fr01               807 	ld	hl, #(_map1 + 0x00ff)
      00077E 36 00                  808 	ld	(hl), #0x00
      000780 21r80r01               809 	ld	hl, #(_map1 + 0x0100)
      000783 36 00                  810 	ld	(hl), #0x00
      000785 21r81r01               811 	ld	hl, #(_map1 + 0x0101)
      000788 36 00                  812 	ld	(hl), #0x00
      00078A 21r82r01               813 	ld	hl, #(_map1 + 0x0102)
      00078D 36 00                  814 	ld	(hl), #0x00
      00078F 21r83r01               815 	ld	hl, #(_map1 + 0x0103)
      000792 36 00                  816 	ld	(hl), #0x00
      000794 21r84r01               817 	ld	hl, #(_map1 + 0x0104)
      000797 36 00                  818 	ld	(hl), #0x00
      000799 21r85r01               819 	ld	hl, #(_map1 + 0x0105)
      00079C 36 00                  820 	ld	(hl), #0x00
      00079E 21r86r01               821 	ld	hl, #(_map1 + 0x0106)
      0007A1 36 00                  822 	ld	(hl), #0x00
      0007A3 21r87r01               823 	ld	hl, #(_map1 + 0x0107)
      0007A6 36 00                  824 	ld	(hl), #0x00
      0007A8 21r88r01               825 	ld	hl, #(_map1 + 0x0108)
      0007AB 36 00                  826 	ld	(hl), #0x00
      0007AD 21r89r01               827 	ld	hl, #(_map1 + 0x0109)
      0007B0 36 00                  828 	ld	(hl), #0x00
      0007B2 21r8Ar01               829 	ld	hl, #(_map1 + 0x010a)
      0007B5 36 00                  830 	ld	(hl), #0x00
      0007B7 21r8Br01               831 	ld	hl, #(_map1 + 0x010b)
      0007BA 36 00                  832 	ld	(hl), #0x00
      0007BC 21r8Cr01               833 	ld	hl, #(_map1 + 0x010c)
      0007BF 36 00                  834 	ld	(hl), #0x00
      0007C1 21r8Dr01               835 	ld	hl, #(_map1 + 0x010d)
      0007C4 36 00                  836 	ld	(hl), #0x00
      0007C6 21r8Er01               837 	ld	hl, #(_map1 + 0x010e)
      0007C9 36 00                  838 	ld	(hl), #0x00
      0007CB 21r8Fr01               839 	ld	hl, #(_map1 + 0x010f)
      0007CE 36 00                  840 	ld	(hl), #0x00
      0007D0 21r90r01               841 	ld	hl, #(_map1 + 0x0110)
      0007D3 36 00                  842 	ld	(hl), #0x00
      0007D5 21r91r01               843 	ld	hl, #(_map1 + 0x0111)
      0007D8 36 00                  844 	ld	(hl), #0x00
      0007DA 21r92r01               845 	ld	hl, #(_map1 + 0x0112)
      0007DD 36 03                  846 	ld	(hl), #0x03
      0007DF 21r93r01               847 	ld	hl, #(_map1 + 0x0113)
      0007E2 36 01                  848 	ld	(hl), #0x01
      0007E4 21r94r01               849 	ld	hl, #(_map1 + 0x0114)
      0007E7 36 01                  850 	ld	(hl), #0x01
      0007E9 21r95r01               851 	ld	hl, #(_map1 + 0x0115)
      0007EC 36 01                  852 	ld	(hl), #0x01
      0007EE 21r96r01               853 	ld	hl, #(_map1 + 0x0116)
      0007F1 36 01                  854 	ld	(hl), #0x01
      0007F3 21r97r01               855 	ld	hl, #(_map1 + 0x0117)
      0007F6 36 01                  856 	ld	(hl), #0x01
      0007F8 21r98r01               857 	ld	hl, #(_map1 + 0x0118)
      0007FB 36 01                  858 	ld	(hl), #0x01
      0007FD 21r99r01               859 	ld	hl, #(_map1 + 0x0119)
      000800 36 01                  860 	ld	(hl), #0x01
      000802 21r9Ar01               861 	ld	hl, #(_map1 + 0x011a)
      000805 36 02                  862 	ld	(hl), #0x02
      000807 21r9Br01               863 	ld	hl, #(_map1 + 0x011b)
      00080A 36 00                  864 	ld	(hl), #0x00
      00080C 21r9Cr01               865 	ld	hl, #(_map1 + 0x011c)
      00080F 36 00                  866 	ld	(hl), #0x00
      000811 21r9Dr01               867 	ld	hl, #(_map1 + 0x011d)
      000814 36 00                  868 	ld	(hl), #0x00
      000816 21r9Er01               869 	ld	hl, #(_map1 + 0x011e)
      000819 36 00                  870 	ld	(hl), #0x00
      00081B 21r9Fr01               871 	ld	hl, #(_map1 + 0x011f)
      00081E 36 00                  872 	ld	(hl), #0x00
      000820 21rA0r01               873 	ld	hl, #(_map1 + 0x0120)
      000823 36 00                  874 	ld	(hl), #0x00
      000825 21rA1r01               875 	ld	hl, #(_map1 + 0x0121)
      000828 36 00                  876 	ld	(hl), #0x00
      00082A 21rA2r01               877 	ld	hl, #(_map1 + 0x0122)
      00082D 36 00                  878 	ld	(hl), #0x00
      00082F 21rA3r01               879 	ld	hl, #(_map1 + 0x0123)
      000832 36 00                  880 	ld	(hl), #0x00
      000834 21rA4r01               881 	ld	hl, #(_map1 + 0x0124)
      000837 36 00                  882 	ld	(hl), #0x00
      000839 21rA5r01               883 	ld	hl, #(_map1 + 0x0125)
      00083C 36 00                  884 	ld	(hl), #0x00
      00083E 21rA6r01               885 	ld	hl, #(_map1 + 0x0126)
      000841 36 00                  886 	ld	(hl), #0x00
      000843 21rA7r01               887 	ld	hl, #(_map1 + 0x0127)
      000846 36 00                  888 	ld	(hl), #0x00
      000848 21rA8r01               889 	ld	hl, #(_map1 + 0x0128)
      00084B 36 00                  890 	ld	(hl), #0x00
      00084D 21rA9r01               891 	ld	hl, #(_map1 + 0x0129)
      000850 36 00                  892 	ld	(hl), #0x00
      000852 21rAAr01               893 	ld	hl, #(_map1 + 0x012a)
      000855 36 00                  894 	ld	(hl), #0x00
      000857 21rABr01               895 	ld	hl, #(_map1 + 0x012b)
      00085A 36 00                  896 	ld	(hl), #0x00
      00085C 21rACr01               897 	ld	hl, #(_map1 + 0x012c)
      00085F 36 00                  898 	ld	(hl), #0x00
      000861 21rADr01               899 	ld	hl, #(_map1 + 0x012d)
      000864 36 00                  900 	ld	(hl), #0x00
      000866 21rAEr01               901 	ld	hl, #(_map1 + 0x012e)
      000869 36 00                  902 	ld	(hl), #0x00
      00086B 21rAFr01               903 	ld	hl, #(_map1 + 0x012f)
      00086E 36 00                  904 	ld	(hl), #0x00
      000870 21rB0r01               905 	ld	hl, #(_map1 + 0x0130)
      000873 36 03                  906 	ld	(hl), #0x03
      000875 21rB1r01               907 	ld	hl, #(_map1 + 0x0131)
      000878 36 01                  908 	ld	(hl), #0x01
      00087A 21rB2r01               909 	ld	hl, #(_map1 + 0x0132)
      00087D 36 01                  910 	ld	(hl), #0x01
      00087F 21rB3r01               911 	ld	hl, #(_map1 + 0x0133)
      000882 36 01                  912 	ld	(hl), #0x01
      000884 21rB4r01               913 	ld	hl, #(_map1 + 0x0134)
      000887 36 01                  914 	ld	(hl), #0x01
      000889 21rB5r01               915 	ld	hl, #(_map1 + 0x0135)
      00088C 36 01                  916 	ld	(hl), #0x01
      00088E 21rB6r01               917 	ld	hl, #(_map1 + 0x0136)
      000891 36 01                  918 	ld	(hl), #0x01
      000893 21rB7r01               919 	ld	hl, #(_map1 + 0x0137)
      000896 36 01                  920 	ld	(hl), #0x01
      000898 21rB8r01               921 	ld	hl, #(_map1 + 0x0138)
      00089B 36 02                  922 	ld	(hl), #0x02
      00089D 21rB9r01               923 	ld	hl, #(_map1 + 0x0139)
      0008A0 36 00                  924 	ld	(hl), #0x00
      0008A2 21rBAr01               925 	ld	hl, #(_map1 + 0x013a)
      0008A5 36 00                  926 	ld	(hl), #0x00
      0008A7 21rBBr01               927 	ld	hl, #(_map1 + 0x013b)
      0008AA 36 00                  928 	ld	(hl), #0x00
      0008AC 21rBCr01               929 	ld	hl, #(_map1 + 0x013c)
      0008AF 36 00                  930 	ld	(hl), #0x00
      0008B1 21rBDr01               931 	ld	hl, #(_map1 + 0x013d)
      0008B4 36 00                  932 	ld	(hl), #0x00
      0008B6 21rBEr01               933 	ld	hl, #(_map1 + 0x013e)
      0008B9 36 00                  934 	ld	(hl), #0x00
      0008BB 21rBFr01               935 	ld	hl, #(_map1 + 0x013f)
      0008BE 36 00                  936 	ld	(hl), #0x00
      0008C0 21rC0r01               937 	ld	hl, #(_map1 + 0x0140)
      0008C3 36 00                  938 	ld	(hl), #0x00
      0008C5 21rC1r01               939 	ld	hl, #(_map1 + 0x0141)
      0008C8 36 00                  940 	ld	(hl), #0x00
      0008CA 21rC2r01               941 	ld	hl, #(_map1 + 0x0142)
      0008CD 36 07                  942 	ld	(hl), #0x07
      0008CF 21rC3r01               943 	ld	hl, #(_map1 + 0x0143)
      0008D2 36 07                  944 	ld	(hl), #0x07
      0008D4 21rC4r01               945 	ld	hl, #(_map1 + 0x0144)
      0008D7 36 07                  946 	ld	(hl), #0x07
      0008D9 21rC5r01               947 	ld	hl, #(_map1 + 0x0145)
      0008DC 36 07                  948 	ld	(hl), #0x07
      0008DE 21rC6r01               949 	ld	hl, #(_map1 + 0x0146)
      0008E1 36 07                  950 	ld	(hl), #0x07
      0008E3 21rC7r01               951 	ld	hl, #(_map1 + 0x0147)
      0008E6 36 07                  952 	ld	(hl), #0x07
      0008E8 21rC8r01               953 	ld	hl, #(_map1 + 0x0148)
      0008EB 36 00                  954 	ld	(hl), #0x00
      0008ED 21rC9r01               955 	ld	hl, #(_map1 + 0x0149)
      0008F0 36 00                  956 	ld	(hl), #0x00
      0008F2 21rCAr01               957 	ld	hl, #(_map1 + 0x014a)
      0008F5 36 00                  958 	ld	(hl), #0x00
      0008F7 21rCBr01               959 	ld	hl, #(_map1 + 0x014b)
      0008FA 36 00                  960 	ld	(hl), #0x00
      0008FC 21rCCr01               961 	ld	hl, #(_map1 + 0x014c)
      0008FF 36 00                  962 	ld	(hl), #0x00
      000901 21rCDr01               963 	ld	hl, #(_map1 + 0x014d)
      000904 36 00                  964 	ld	(hl), #0x00
      000906 21rCEr01               965 	ld	hl, #(_map1 + 0x014e)
      000909 36 03                  966 	ld	(hl), #0x03
      00090B 21rCFr01               967 	ld	hl, #(_map1 + 0x014f)
      00090E 36 01                  968 	ld	(hl), #0x01
      000910 21rD0r01               969 	ld	hl, #(_map1 + 0x0150)
      000913 36 01                  970 	ld	(hl), #0x01
      000915 21rD1r01               971 	ld	hl, #(_map1 + 0x0151)
      000918 36 01                  972 	ld	(hl), #0x01
      00091A 21rD2r01               973 	ld	hl, #(_map1 + 0x0152)
      00091D 36 01                  974 	ld	(hl), #0x01
      00091F 21rD3r01               975 	ld	hl, #(_map1 + 0x0153)
      000922 36 01                  976 	ld	(hl), #0x01
      000924 21rD4r01               977 	ld	hl, #(_map1 + 0x0154)
      000927 36 01                  978 	ld	(hl), #0x01
      000929 21rD5r01               979 	ld	hl, #(_map1 + 0x0155)
      00092C 36 01                  980 	ld	(hl), #0x01
      00092E 21rD6r01               981 	ld	hl, #(_map1 + 0x0156)
      000931 36 02                  982 	ld	(hl), #0x02
      000933 21rD7r01               983 	ld	hl, #(_map1 + 0x0157)
      000936 36 00                  984 	ld	(hl), #0x00
      000938 21rD8r01               985 	ld	hl, #(_map1 + 0x0158)
      00093B 36 00                  986 	ld	(hl), #0x00
      00093D 21rD9r01               987 	ld	hl, #(_map1 + 0x0159)
      000940 36 00                  988 	ld	(hl), #0x00
      000942 21rDAr01               989 	ld	hl, #(_map1 + 0x015a)
      000945 36 00                  990 	ld	(hl), #0x00
      000947 21rDBr01               991 	ld	hl, #(_map1 + 0x015b)
      00094A 36 00                  992 	ld	(hl), #0x00
      00094C 21rDCr01               993 	ld	hl, #(_map1 + 0x015c)
      00094F 36 00                  994 	ld	(hl), #0x00
      000951 21rDDr01               995 	ld	hl, #(_map1 + 0x015d)
      000954 36 00                  996 	ld	(hl), #0x00
      000956 21rDEr01               997 	ld	hl, #(_map1 + 0x015e)
      000959 36 00                  998 	ld	(hl), #0x00
      00095B 21rDFr01               999 	ld	hl, #(_map1 + 0x015f)
      00095E 36 00                 1000 	ld	(hl), #0x00
      000960 21rE0r01              1001 	ld	hl, #(_map1 + 0x0160)
      000963 36 07                 1002 	ld	(hl), #0x07
      000965 21rE1r01              1003 	ld	hl, #(_map1 + 0x0161)
      000968 36 06                 1004 	ld	(hl), #0x06
      00096A 21rE2r01              1005 	ld	hl, #(_map1 + 0x0162)
      00096D 36 06                 1006 	ld	(hl), #0x06
      00096F 21rE3r01              1007 	ld	hl, #(_map1 + 0x0163)
      000972 36 06                 1008 	ld	(hl), #0x06
      000974 21rE4r01              1009 	ld	hl, #(_map1 + 0x0164)
      000977 36 06                 1010 	ld	(hl), #0x06
      000979 21rE5r01              1011 	ld	hl, #(_map1 + 0x0165)
      00097C 36 07                 1012 	ld	(hl), #0x07
      00097E 21rE6r01              1013 	ld	hl, #(_map1 + 0x0166)
      000981 36 00                 1014 	ld	(hl), #0x00
      000983 21rE7r01              1015 	ld	hl, #(_map1 + 0x0167)
      000986 36 00                 1016 	ld	(hl), #0x00
      000988 21rE8r01              1017 	ld	hl, #(_map1 + 0x0168)
      00098B 36 00                 1018 	ld	(hl), #0x00
      00098D 21rE9r01              1019 	ld	hl, #(_map1 + 0x0169)
      000990 36 00                 1020 	ld	(hl), #0x00
      000992 21rEAr01              1021 	ld	hl, #(_map1 + 0x016a)
      000995 36 00                 1022 	ld	(hl), #0x00
      000997 21rEBr01              1023 	ld	hl, #(_map1 + 0x016b)
      00099A 36 00                 1024 	ld	(hl), #0x00
      00099C 21rECr01              1025 	ld	hl, #(_map1 + 0x016c)
      00099F 36 03                 1026 	ld	(hl), #0x03
      0009A1 21rEDr01              1027 	ld	hl, #(_map1 + 0x016d)
      0009A4 36 01                 1028 	ld	(hl), #0x01
      0009A6 21rEEr01              1029 	ld	hl, #(_map1 + 0x016e)
      0009A9 36 01                 1030 	ld	(hl), #0x01
      0009AB 21rEFr01              1031 	ld	hl, #(_map1 + 0x016f)
      0009AE 36 01                 1032 	ld	(hl), #0x01
      0009B0 21rF0r01              1033 	ld	hl, #(_map1 + 0x0170)
      0009B3 36 01                 1034 	ld	(hl), #0x01
      0009B5 21rF1r01              1035 	ld	hl, #(_map1 + 0x0171)
      0009B8 36 01                 1036 	ld	(hl), #0x01
      0009BA 21rF2r01              1037 	ld	hl, #(_map1 + 0x0172)
      0009BD 36 01                 1038 	ld	(hl), #0x01
      0009BF 21rF3r01              1039 	ld	hl, #(_map1 + 0x0173)
      0009C2 36 01                 1040 	ld	(hl), #0x01
      0009C4 21rF4r01              1041 	ld	hl, #(_map1 + 0x0174)
      0009C7 36 02                 1042 	ld	(hl), #0x02
      0009C9 21rF5r01              1043 	ld	hl, #(_map1 + 0x0175)
      0009CC 36 00                 1044 	ld	(hl), #0x00
      0009CE 21rF6r01              1045 	ld	hl, #(_map1 + 0x0176)
      0009D1 36 00                 1046 	ld	(hl), #0x00
      0009D3 21rF7r01              1047 	ld	hl, #(_map1 + 0x0177)
      0009D6 36 00                 1048 	ld	(hl), #0x00
      0009D8 21rF8r01              1049 	ld	hl, #(_map1 + 0x0178)
      0009DB 36 00                 1050 	ld	(hl), #0x00
      0009DD 21rF9r01              1051 	ld	hl, #(_map1 + 0x0179)
      0009E0 36 00                 1052 	ld	(hl), #0x00
      0009E2 21rFAr01              1053 	ld	hl, #(_map1 + 0x017a)
      0009E5 36 00                 1054 	ld	(hl), #0x00
      0009E7 21rFBr01              1055 	ld	hl, #(_map1 + 0x017b)
      0009EA 36 00                 1056 	ld	(hl), #0x00
      0009EC 21rFCr01              1057 	ld	hl, #(_map1 + 0x017c)
      0009EF 36 00                 1058 	ld	(hl), #0x00
      0009F1 21rFDr01              1059 	ld	hl, #(_map1 + 0x017d)
      0009F4 36 00                 1060 	ld	(hl), #0x00
      0009F6 21rFEr01              1061 	ld	hl, #(_map1 + 0x017e)
      0009F9 36 07                 1062 	ld	(hl), #0x07
      0009FB 21rFFr01              1063 	ld	hl, #(_map1 + 0x017f)
      0009FE 36 06                 1064 	ld	(hl), #0x06
      000A00 21r00r02              1065 	ld	hl, #(_map1 + 0x0180)
      000A03 36 06                 1066 	ld	(hl), #0x06
      000A05 21r01r02              1067 	ld	hl, #(_map1 + 0x0181)
      000A08 36 06                 1068 	ld	(hl), #0x06
      000A0A 21r02r02              1069 	ld	hl, #(_map1 + 0x0182)
      000A0D 36 06                 1070 	ld	(hl), #0x06
      000A0F 21r03r02              1071 	ld	hl, #(_map1 + 0x0183)
      000A12 36 07                 1072 	ld	(hl), #0x07
      000A14 21r04r02              1073 	ld	hl, #(_map1 + 0x0184)
      000A17 36 00                 1074 	ld	(hl), #0x00
      000A19 21r05r02              1075 	ld	hl, #(_map1 + 0x0185)
      000A1C 36 00                 1076 	ld	(hl), #0x00
      000A1E 21r06r02              1077 	ld	hl, #(_map1 + 0x0186)
      000A21 36 00                 1078 	ld	(hl), #0x00
      000A23 21r07r02              1079 	ld	hl, #(_map1 + 0x0187)
      000A26 36 00                 1080 	ld	(hl), #0x00
      000A28 21r08r02              1081 	ld	hl, #(_map1 + 0x0188)
      000A2B 36 00                 1082 	ld	(hl), #0x00
      000A2D 21r09r02              1083 	ld	hl, #(_map1 + 0x0189)
      000A30 36 00                 1084 	ld	(hl), #0x00
      000A32 21r0Ar02              1085 	ld	hl, #(_map1 + 0x018a)
      000A35 36 03                 1086 	ld	(hl), #0x03
      000A37 21r0Br02              1087 	ld	hl, #(_map1 + 0x018b)
      000A3A 36 01                 1088 	ld	(hl), #0x01
      000A3C 21r0Cr02              1089 	ld	hl, #(_map1 + 0x018c)
      000A3F 36 01                 1090 	ld	(hl), #0x01
      000A41 21r0Dr02              1091 	ld	hl, #(_map1 + 0x018d)
      000A44 36 01                 1092 	ld	(hl), #0x01
      000A46 21r0Er02              1093 	ld	hl, #(_map1 + 0x018e)
      000A49 36 01                 1094 	ld	(hl), #0x01
      000A4B 21r0Fr02              1095 	ld	hl, #(_map1 + 0x018f)
      000A4E 36 01                 1096 	ld	(hl), #0x01
      000A50 21r10r02              1097 	ld	hl, #(_map1 + 0x0190)
      000A53 36 01                 1098 	ld	(hl), #0x01
      000A55 21r11r02              1099 	ld	hl, #(_map1 + 0x0191)
      000A58 36 01                 1100 	ld	(hl), #0x01
      000A5A 21r12r02              1101 	ld	hl, #(_map1 + 0x0192)
      000A5D 36 02                 1102 	ld	(hl), #0x02
      000A5F 21r13r02              1103 	ld	hl, #(_map1 + 0x0193)
      000A62 36 00                 1104 	ld	(hl), #0x00
      000A64 21r14r02              1105 	ld	hl, #(_map1 + 0x0194)
      000A67 36 00                 1106 	ld	(hl), #0x00
      000A69 21r15r02              1107 	ld	hl, #(_map1 + 0x0195)
      000A6C 36 00                 1108 	ld	(hl), #0x00
      000A6E 21r16r02              1109 	ld	hl, #(_map1 + 0x0196)
      000A71 36 00                 1110 	ld	(hl), #0x00
      000A73 21r17r02              1111 	ld	hl, #(_map1 + 0x0197)
      000A76 36 00                 1112 	ld	(hl), #0x00
      000A78 21r18r02              1113 	ld	hl, #(_map1 + 0x0198)
      000A7B 36 00                 1114 	ld	(hl), #0x00
      000A7D 21r19r02              1115 	ld	hl, #(_map1 + 0x0199)
      000A80 36 00                 1116 	ld	(hl), #0x00
      000A82 21r1Ar02              1117 	ld	hl, #(_map1 + 0x019a)
      000A85 36 00                 1118 	ld	(hl), #0x00
      000A87 21r1Br02              1119 	ld	hl, #(_map1 + 0x019b)
      000A8A 36 00                 1120 	ld	(hl), #0x00
      000A8C 21r1Cr02              1121 	ld	hl, #(_map1 + 0x019c)
      000A8F 36 07                 1122 	ld	(hl), #0x07
      000A91 21r1Dr02              1123 	ld	hl, #(_map1 + 0x019d)
      000A94 36 06                 1124 	ld	(hl), #0x06
      000A96 21r1Er02              1125 	ld	hl, #(_map1 + 0x019e)
      000A99 36 06                 1126 	ld	(hl), #0x06
      000A9B 21r1Fr02              1127 	ld	hl, #(_map1 + 0x019f)
      000A9E 36 06                 1128 	ld	(hl), #0x06
      000AA0 21r20r02              1129 	ld	hl, #(_map1 + 0x01a0)
      000AA3 36 06                 1130 	ld	(hl), #0x06
      000AA5 21r21r02              1131 	ld	hl, #(_map1 + 0x01a1)
      000AA8 36 07                 1132 	ld	(hl), #0x07
      000AAA 21r22r02              1133 	ld	hl, #(_map1 + 0x01a2)
      000AAD 36 00                 1134 	ld	(hl), #0x00
      000AAF 21r23r02              1135 	ld	hl, #(_map1 + 0x01a3)
      000AB2 36 00                 1136 	ld	(hl), #0x00
      000AB4 21r24r02              1137 	ld	hl, #(_map1 + 0x01a4)
      000AB7 36 05                 1138 	ld	(hl), #0x05
      000AB9 21r25r02              1139 	ld	hl, #(_map1 + 0x01a5)
      000ABC 36 05                 1140 	ld	(hl), #0x05
      000ABE 21r26r02              1141 	ld	hl, #(_map1 + 0x01a6)
      000AC1 36 05                 1142 	ld	(hl), #0x05
      000AC3 21r27r02              1143 	ld	hl, #(_map1 + 0x01a7)
      000AC6 36 05                 1144 	ld	(hl), #0x05
      000AC8 21r28r02              1145 	ld	hl, #(_map1 + 0x01a8)
      000ACB 36 05                 1146 	ld	(hl), #0x05
      000ACD 21r29r02              1147 	ld	hl, #(_map1 + 0x01a9)
      000AD0 36 05                 1148 	ld	(hl), #0x05
      000AD2 21r2Ar02              1149 	ld	hl, #(_map1 + 0x01aa)
      000AD5 36 05                 1150 	ld	(hl), #0x05
      000AD7 21r2Br02              1151 	ld	hl, #(_map1 + 0x01ab)
      000ADA 36 05                 1152 	ld	(hl), #0x05
      000ADC 21r2Cr02              1153 	ld	hl, #(_map1 + 0x01ac)
      000ADF 36 05                 1154 	ld	(hl), #0x05
      000AE1 21r2Dr02              1155 	ld	hl, #(_map1 + 0x01ad)
      000AE4 36 05                 1156 	ld	(hl), #0x05
      000AE6 21r2Er02              1157 	ld	hl, #(_map1 + 0x01ae)
      000AE9 36 05                 1158 	ld	(hl), #0x05
      000AEB 21r2Fr02              1159 	ld	hl, #(_map1 + 0x01af)
      000AEE 36 05                 1160 	ld	(hl), #0x05
      000AF0 21r30r02              1161 	ld	hl, #(_map1 + 0x01b0)
      000AF3 36 05                 1162 	ld	(hl), #0x05
      000AF5 21r31r02              1163 	ld	hl, #(_map1 + 0x01b1)
      000AF8 36 05                 1164 	ld	(hl), #0x05
      000AFA 21r32r02              1165 	ld	hl, #(_map1 + 0x01b2)
      000AFD 36 05                 1166 	ld	(hl), #0x05
      000AFF 21r33r02              1167 	ld	hl, #(_map1 + 0x01b3)
      000B02 36 05                 1168 	ld	(hl), #0x05
      000B04 21r34r02              1169 	ld	hl, #(_map1 + 0x01b4)
      000B07 36 05                 1170 	ld	(hl), #0x05
      000B09 21r35r02              1171 	ld	hl, #(_map1 + 0x01b5)
      000B0C 36 05                 1172 	ld	(hl), #0x05
      000B0E 21r36r02              1173 	ld	hl, #(_map1 + 0x01b6)
      000B11 36 05                 1174 	ld	(hl), #0x05
      000B13 21r37r02              1175 	ld	hl, #(_map1 + 0x01b7)
      000B16 36 05                 1176 	ld	(hl), #0x05
      000B18 21r38r02              1177 	ld	hl, #(_map1 + 0x01b8)
      000B1B 36 05                 1178 	ld	(hl), #0x05
      000B1D 21r39r02              1179 	ld	hl, #(_map1 + 0x01b9)
      000B20 36 05                 1180 	ld	(hl), #0x05
      000B22 21r3Ar02              1181 	ld	hl, #(_map1 + 0x01ba)
      000B25 36 05                 1182 	ld	(hl), #0x05
      000B27 21r3Br02              1183 	ld	hl, #(_map1 + 0x01bb)
      000B2A 36 05                 1184 	ld	(hl), #0x05
      000B2C 21r3Cr02              1185 	ld	hl, #(_map1 + 0x01bc)
      000B2F 36 05                 1186 	ld	(hl), #0x05
      000B31 21r3Dr02              1187 	ld	hl, #(_map1 + 0x01bd)
      000B34 36 05                 1188 	ld	(hl), #0x05
      000B36 21r3Er02              1189 	ld	hl, #(_map1 + 0x01be)
      000B39 36 05                 1190 	ld	(hl), #0x05
      000B3B 21r3Fr02              1191 	ld	hl, #(_map1 + 0x01bf)
      000B3E 36 05                 1192 	ld	(hl), #0x05
      000B40 21r40r02              1193 	ld	hl, #(_map1 + 0x01c0)
      000B43 36 05                 1194 	ld	(hl), #0x05
      000B45 21r41r02              1195 	ld	hl, #(_map1 + 0x01c1)
      000B48 36 05                 1196 	ld	(hl), #0x05
      000B4A 21r42r02              1197 	ld	hl, #(_map1 + 0x01c2)
      000B4D 36 04                 1198 	ld	(hl), #0x04
      000B4F 21r43r02              1199 	ld	hl, #(_map1 + 0x01c3)
      000B52 36 04                 1200 	ld	(hl), #0x04
      000B54 21r44r02              1201 	ld	hl, #(_map1 + 0x01c4)
      000B57 36 04                 1202 	ld	(hl), #0x04
      000B59 21r45r02              1203 	ld	hl, #(_map1 + 0x01c5)
      000B5C 36 04                 1204 	ld	(hl), #0x04
      000B5E 21r46r02              1205 	ld	hl, #(_map1 + 0x01c6)
      000B61 36 04                 1206 	ld	(hl), #0x04
      000B63 21r47r02              1207 	ld	hl, #(_map1 + 0x01c7)
      000B66 36 04                 1208 	ld	(hl), #0x04
      000B68 21r48r02              1209 	ld	hl, #(_map1 + 0x01c8)
      000B6B 36 04                 1210 	ld	(hl), #0x04
      000B6D 21r49r02              1211 	ld	hl, #(_map1 + 0x01c9)
      000B70 36 04                 1212 	ld	(hl), #0x04
      000B72 21r4Ar02              1213 	ld	hl, #(_map1 + 0x01ca)
      000B75 36 04                 1214 	ld	(hl), #0x04
      000B77 21r4Br02              1215 	ld	hl, #(_map1 + 0x01cb)
      000B7A 36 04                 1216 	ld	(hl), #0x04
      000B7C 21r4Cr02              1217 	ld	hl, #(_map1 + 0x01cc)
      000B7F 36 04                 1218 	ld	(hl), #0x04
      000B81 21r4Dr02              1219 	ld	hl, #(_map1 + 0x01cd)
      000B84 36 04                 1220 	ld	(hl), #0x04
      000B86 21r4Er02              1221 	ld	hl, #(_map1 + 0x01ce)
      000B89 36 04                 1222 	ld	(hl), #0x04
      000B8B 21r4Fr02              1223 	ld	hl, #(_map1 + 0x01cf)
      000B8E 36 04                 1224 	ld	(hl), #0x04
      000B90 21r50r02              1225 	ld	hl, #(_map1 + 0x01d0)
      000B93 36 04                 1226 	ld	(hl), #0x04
      000B95 21r51r02              1227 	ld	hl, #(_map1 + 0x01d1)
      000B98 36 04                 1228 	ld	(hl), #0x04
      000B9A 21r52r02              1229 	ld	hl, #(_map1 + 0x01d2)
      000B9D 36 04                 1230 	ld	(hl), #0x04
      000B9F 21r53r02              1231 	ld	hl, #(_map1 + 0x01d3)
      000BA2 36 04                 1232 	ld	(hl), #0x04
      000BA4 21r54r02              1233 	ld	hl, #(_map1 + 0x01d4)
      000BA7 36 04                 1234 	ld	(hl), #0x04
      000BA9 21r55r02              1235 	ld	hl, #(_map1 + 0x01d5)
      000BAC 36 04                 1236 	ld	(hl), #0x04
      000BAE 21r56r02              1237 	ld	hl, #(_map1 + 0x01d6)
      000BB1 36 04                 1238 	ld	(hl), #0x04
      000BB3 21r57r02              1239 	ld	hl, #(_map1 + 0x01d7)
      000BB6 36 04                 1240 	ld	(hl), #0x04
      000BB8 21r58r02              1241 	ld	hl, #(_map1 + 0x01d8)
      000BBB 36 04                 1242 	ld	(hl), #0x04
      000BBD 21r59r02              1243 	ld	hl, #(_map1 + 0x01d9)
      000BC0 36 04                 1244 	ld	(hl), #0x04
      000BC2 21r5Ar02              1245 	ld	hl, #(_map1 + 0x01da)
      000BC5 36 04                 1246 	ld	(hl), #0x04
      000BC7 21r5Br02              1247 	ld	hl, #(_map1 + 0x01db)
      000BCA 36 04                 1248 	ld	(hl), #0x04
      000BCC 21r5Cr02              1249 	ld	hl, #(_map1 + 0x01dc)
      000BCF 36 04                 1250 	ld	(hl), #0x04
      000BD1 21r5Dr02              1251 	ld	hl, #(_map1 + 0x01dd)
      000BD4 36 04                 1252 	ld	(hl), #0x04
      000BD6 21r5Er02              1253 	ld	hl, #(_map1 + 0x01de)
      000BD9 36 04                 1254 	ld	(hl), #0x04
      000BDB 21r5Fr02              1255 	ld	hl, #(_map1 + 0x01df)
      000BDE 36 04                 1256 	ld	(hl), #0x04
      000BE0 21r60r02              1257 	ld	hl, #(_map1 + 0x01e0)
      000BE3 36 04                 1258 	ld	(hl), #0x04
      000BE5 21r61r02              1259 	ld	hl, #(_map1 + 0x01e1)
      000BE8 36 04                 1260 	ld	(hl), #0x04
      000BEA 21r62r02              1261 	ld	hl, #(_map1 + 0x01e2)
      000BED 36 04                 1262 	ld	(hl), #0x04
      000BEF 21r63r02              1263 	ld	hl, #(_map1 + 0x01e3)
      000BF2 36 04                 1264 	ld	(hl), #0x04
      000BF4 21r64r02              1265 	ld	hl, #(_map1 + 0x01e4)
      000BF7 36 04                 1266 	ld	(hl), #0x04
      000BF9 21r65r02              1267 	ld	hl, #(_map1 + 0x01e5)
      000BFC 36 04                 1268 	ld	(hl), #0x04
      000BFE 21r66r02              1269 	ld	hl, #(_map1 + 0x01e6)
      000C01 36 04                 1270 	ld	(hl), #0x04
      000C03 21r67r02              1271 	ld	hl, #(_map1 + 0x01e7)
      000C06 36 04                 1272 	ld	(hl), #0x04
      000C08 21r68r02              1273 	ld	hl, #(_map1 + 0x01e8)
      000C0B 36 04                 1274 	ld	(hl), #0x04
      000C0D 21r69r02              1275 	ld	hl, #(_map1 + 0x01e9)
      000C10 36 04                 1276 	ld	(hl), #0x04
      000C12 21r6Ar02              1277 	ld	hl, #(_map1 + 0x01ea)
      000C15 36 04                 1278 	ld	(hl), #0x04
      000C17 21r6Br02              1279 	ld	hl, #(_map1 + 0x01eb)
      000C1A 36 04                 1280 	ld	(hl), #0x04
      000C1C 21r6Cr02              1281 	ld	hl, #(_map1 + 0x01ec)
      000C1F 36 04                 1282 	ld	(hl), #0x04
      000C21 21r6Dr02              1283 	ld	hl, #(_map1 + 0x01ed)
      000C24 36 04                 1284 	ld	(hl), #0x04
      000C26 21r6Er02              1285 	ld	hl, #(_map1 + 0x01ee)
      000C29 36 04                 1286 	ld	(hl), #0x04
      000C2B 21r6Fr02              1287 	ld	hl, #(_map1 + 0x01ef)
      000C2E 36 04                 1288 	ld	(hl), #0x04
      000C30 21r70r02              1289 	ld	hl, #(_map1 + 0x01f0)
      000C33 36 04                 1290 	ld	(hl), #0x04
      000C35 21r71r02              1291 	ld	hl, #(_map1 + 0x01f1)
      000C38 36 04                 1292 	ld	(hl), #0x04
      000C3A 21r72r02              1293 	ld	hl, #(_map1 + 0x01f2)
      000C3D 36 04                 1294 	ld	(hl), #0x04
      000C3F 21r73r02              1295 	ld	hl, #(_map1 + 0x01f3)
      000C42 36 04                 1296 	ld	(hl), #0x04
      000C44 21r74r02              1297 	ld	hl, #(_map1 + 0x01f4)
      000C47 36 04                 1298 	ld	(hl), #0x04
      000C49 21r75r02              1299 	ld	hl, #(_map1 + 0x01f5)
      000C4C 36 04                 1300 	ld	(hl), #0x04
      000C4E 21r76r02              1301 	ld	hl, #(_map1 + 0x01f6)
      000C51 36 04                 1302 	ld	(hl), #0x04
      000C53 21r77r02              1303 	ld	hl, #(_map1 + 0x01f7)
      000C56 36 04                 1304 	ld	(hl), #0x04
      000C58 21r78r02              1305 	ld	hl, #(_map1 + 0x01f8)
      000C5B 36 04                 1306 	ld	(hl), #0x04
      000C5D 21r79r02              1307 	ld	hl, #(_map1 + 0x01f9)
      000C60 36 04                 1308 	ld	(hl), #0x04
      000C62 21r7Ar02              1309 	ld	hl, #(_map1 + 0x01fa)
      000C65 36 04                 1310 	ld	(hl), #0x04
      000C67 21r7Br02              1311 	ld	hl, #(_map1 + 0x01fb)
      000C6A 36 04                 1312 	ld	(hl), #0x04
      000C6C 21r7Cr02              1313 	ld	hl, #(_map1 + 0x01fc)
      000C6F 36 04                 1314 	ld	(hl), #0x04
      000C71 21r7Dr02              1315 	ld	hl, #(_map1 + 0x01fd)
      000C74 36 04                 1316 	ld	(hl), #0x04
      000C76 21r7Er02              1317 	ld	hl, #(_map1 + 0x01fe)
      000C79 36 04                 1318 	ld	(hl), #0x04
      000C7B 21r7Fr02              1319 	ld	hl, #(_map1 + 0x01ff)
      000C7E 36 04                 1320 	ld	(hl), #0x04
      000C80 21r80r02              1321 	ld	hl, #(_map1 + 0x0200)
      000C83 36 04                 1322 	ld	(hl), #0x04
      000C85 21r81r02              1323 	ld	hl, #(_map1 + 0x0201)
      000C88 36 04                 1324 	ld	(hl), #0x04
      000C8A 21r82r02              1325 	ld	hl, #(_map1 + 0x0202)
      000C8D 36 04                 1326 	ld	(hl), #0x04
      000C8F 21r83r02              1327 	ld	hl, #(_map1 + 0x0203)
      000C92 36 04                 1328 	ld	(hl), #0x04
      000C94 21r84r02              1329 	ld	hl, #(_map1 + 0x0204)
      000C97 36 04                 1330 	ld	(hl), #0x04
      000C99 21r85r02              1331 	ld	hl, #(_map1 + 0x0205)
      000C9C 36 04                 1332 	ld	(hl), #0x04
      000C9E 21r86r02              1333 	ld	hl, #(_map1 + 0x0206)
      000CA1 36 04                 1334 	ld	(hl), #0x04
      000CA3 21r87r02              1335 	ld	hl, #(_map1 + 0x0207)
      000CA6 36 04                 1336 	ld	(hl), #0x04
      000CA8 21r88r02              1337 	ld	hl, #(_map1 + 0x0208)
      000CAB 36 04                 1338 	ld	(hl), #0x04
      000CAD 21r89r02              1339 	ld	hl, #(_map1 + 0x0209)
      000CB0 36 04                 1340 	ld	(hl), #0x04
      000CB2 21r8Ar02              1341 	ld	hl, #(_map1 + 0x020a)
      000CB5 36 04                 1342 	ld	(hl), #0x04
      000CB7 21r8Br02              1343 	ld	hl, #(_map1 + 0x020b)
      000CBA 36 04                 1344 	ld	(hl), #0x04
      000CBC 21r8Cr02              1345 	ld	hl, #(_map1 + 0x020c)
      000CBF 36 04                 1346 	ld	(hl), #0x04
      000CC1 21r8Dr02              1347 	ld	hl, #(_map1 + 0x020d)
      000CC4 36 04                 1348 	ld	(hl), #0x04
      000CC6 21r8Er02              1349 	ld	hl, #(_map1 + 0x020e)
      000CC9 36 04                 1350 	ld	(hl), #0x04
      000CCB 21r8Fr02              1351 	ld	hl, #(_map1 + 0x020f)
      000CCE 36 04                 1352 	ld	(hl), #0x04
      000CD0 21r90r02              1353 	ld	hl, #(_map1 + 0x0210)
      000CD3 36 04                 1354 	ld	(hl), #0x04
      000CD5 21r91r02              1355 	ld	hl, #(_map1 + 0x0211)
      000CD8 36 04                 1356 	ld	(hl), #0x04
      000CDA 21r92r02              1357 	ld	hl, #(_map1 + 0x0212)
      000CDD 36 04                 1358 	ld	(hl), #0x04
      000CDF 21r93r02              1359 	ld	hl, #(_map1 + 0x0213)
      000CE2 36 04                 1360 	ld	(hl), #0x04
      000CE4 21r94r02              1361 	ld	hl, #(_map1 + 0x0214)
      000CE7 36 04                 1362 	ld	(hl), #0x04
      000CE9 21r95r02              1363 	ld	hl, #(_map1 + 0x0215)
      000CEC 36 04                 1364 	ld	(hl), #0x04
      000CEE 21r96r02              1365 	ld	hl, #(_map1 + 0x0216)
      000CF1 36 04                 1366 	ld	(hl), #0x04
      000CF3 21r97r02              1367 	ld	hl, #(_map1 + 0x0217)
      000CF6 36 04                 1368 	ld	(hl), #0x04
      000CF8 21r98r02              1369 	ld	hl, #(_map1 + 0x0218)
      000CFB 36 04                 1370 	ld	(hl), #0x04
      000CFD 21r99r02              1371 	ld	hl, #(_map1 + 0x0219)
      000D00 36 04                 1372 	ld	(hl), #0x04
      000D02 21r9Ar02              1373 	ld	hl, #(_map1 + 0x021a)
      000D05 36 04                 1374 	ld	(hl), #0x04
      000D07 21r9Br02              1375 	ld	hl, #(_map1 + 0x021b)
      000D0A 36 04                 1376 	ld	(hl), #0x04
      000D0C 21r9Cr02              1377 	ld	hl, #(_map1 + 0x021c)
      000D0F 36 04                 1378 	ld	(hl), #0x04
      000D11 21r9Dr02              1379 	ld	hl, #(_map1 + 0x021d)
      000D14 36 04                 1380 	ld	(hl), #0x04
      000D16 21r9Er02              1381 	ld	hl, #(_map1 + 0x021e)
      000D19 36 04                 1382 	ld	(hl), #0x04
      000D1B 21r9Fr02              1383 	ld	hl, #(_map1 + 0x021f)
      000D1E 36 04                 1384 	ld	(hl), #0x04
      000D20 21rA0r02              1385 	ld	hl, #(_map1 + 0x0220)
      000D23 36 04                 1386 	ld	(hl), #0x04
      000D25 21rA1r02              1387 	ld	hl, #(_map1 + 0x0221)
      000D28 36 04                 1388 	ld	(hl), #0x04
      000D2A 21rA2r02              1389 	ld	hl, #(_map1 + 0x0222)
      000D2D 36 04                 1390 	ld	(hl), #0x04
      000D2F 21rA3r02              1391 	ld	hl, #(_map1 + 0x0223)
      000D32 36 04                 1392 	ld	(hl), #0x04
      000D34 21rA4r02              1393 	ld	hl, #(_map1 + 0x0224)
      000D37 36 04                 1394 	ld	(hl), #0x04
      000D39 21rA5r02              1395 	ld	hl, #(_map1 + 0x0225)
      000D3C 36 04                 1396 	ld	(hl), #0x04
      000D3E 21rA6r02              1397 	ld	hl, #(_map1 + 0x0226)
      000D41 36 04                 1398 	ld	(hl), #0x04
      000D43 21rA7r02              1399 	ld	hl, #(_map1 + 0x0227)
      000D46 36 04                 1400 	ld	(hl), #0x04
      000D48 21rA8r02              1401 	ld	hl, #(_map1 + 0x0228)
      000D4B 36 04                 1402 	ld	(hl), #0x04
      000D4D 21rA9r02              1403 	ld	hl, #(_map1 + 0x0229)
      000D50 36 04                 1404 	ld	(hl), #0x04
      000D52 21rAAr02              1405 	ld	hl, #(_map1 + 0x022a)
      000D55 36 04                 1406 	ld	(hl), #0x04
      000D57 21rABr02              1407 	ld	hl, #(_map1 + 0x022b)
      000D5A 36 04                 1408 	ld	(hl), #0x04
      000D5C 21rACr02              1409 	ld	hl, #(_map1 + 0x022c)
      000D5F 36 04                 1410 	ld	(hl), #0x04
      000D61 21rADr02              1411 	ld	hl, #(_map1 + 0x022d)
      000D64 36 04                 1412 	ld	(hl), #0x04
      000D66 21rAEr02              1413 	ld	hl, #(_map1 + 0x022e)
      000D69 36 04                 1414 	ld	(hl), #0x04
      000D6B 21rAFr02              1415 	ld	hl, #(_map1 + 0x022f)
      000D6E 36 04                 1416 	ld	(hl), #0x04
      000D70 21rB0r02              1417 	ld	hl, #(_map1 + 0x0230)
      000D73 36 04                 1418 	ld	(hl), #0x04
      000D75 21rB1r02              1419 	ld	hl, #(_map1 + 0x0231)
      000D78 36 04                 1420 	ld	(hl), #0x04
      000D7A 21rB2r02              1421 	ld	hl, #(_map1 + 0x0232)
      000D7D 36 04                 1422 	ld	(hl), #0x04
      000D7F 21rB3r02              1423 	ld	hl, #(_map1 + 0x0233)
      000D82 36 04                 1424 	ld	(hl), #0x04
      000D84 21rB4r02              1425 	ld	hl, #(_map1 + 0x0234)
      000D87 36 04                 1426 	ld	(hl), #0x04
      000D89 21rB5r02              1427 	ld	hl, #(_map1 + 0x0235)
      000D8C 36 04                 1428 	ld	(hl), #0x04
      000D8E 21rB6r02              1429 	ld	hl, #(_map1 + 0x0236)
      000D91 36 04                 1430 	ld	(hl), #0x04
      000D93 21rB7r02              1431 	ld	hl, #(_map1 + 0x0237)
      000D96 36 04                 1432 	ld	(hl), #0x04
      000D98 21rB8r02              1433 	ld	hl, #(_map1 + 0x0238)
      000D9B 36 04                 1434 	ld	(hl), #0x04
      000D9D 21rB9r02              1435 	ld	hl, #(_map1 + 0x0239)
      000DA0 36 04                 1436 	ld	(hl), #0x04
      000DA2 21rBAr02              1437 	ld	hl, #(_map1 + 0x023a)
      000DA5 36 04                 1438 	ld	(hl), #0x04
      000DA7 21rBBr02              1439 	ld	hl, #(_map1 + 0x023b)
      000DAA 36 04                 1440 	ld	(hl), #0x04
      000DAC 21rBCr02              1441 	ld	hl, #(_map1 + 0x023c)
      000DAF 36 04                 1442 	ld	(hl), #0x04
      000DB1 21rBDr02              1443 	ld	hl, #(_map1 + 0x023d)
      000DB4 36 04                 1444 	ld	(hl), #0x04
      000DB6 21rBEr02              1445 	ld	hl, #(_map1 + 0x023e)
      000DB9 36 04                 1446 	ld	(hl), #0x04
      000DBB 21rBFr02              1447 	ld	hl, #(_map1 + 0x023f)
      000DBE 36 04                 1448 	ld	(hl), #0x04
      000DC0 21rC0r02              1449 	ld	hl, #(_map1 + 0x0240)
      000DC3 36 04                 1450 	ld	(hl), #0x04
      000DC5 21rC1r02              1451 	ld	hl, #(_map1 + 0x0241)
      000DC8 36 04                 1452 	ld	(hl), #0x04
      000DCA 21rC2r02              1453 	ld	hl, #(_map1 + 0x0242)
      000DCD 36 04                 1454 	ld	(hl), #0x04
      000DCF 21rC3r02              1455 	ld	hl, #(_map1 + 0x0243)
      000DD2 36 04                 1456 	ld	(hl), #0x04
      000DD4 21rC4r02              1457 	ld	hl, #(_map1 + 0x0244)
      000DD7 36 04                 1458 	ld	(hl), #0x04
      000DD9 21rC5r02              1459 	ld	hl, #(_map1 + 0x0245)
      000DDC 36 04                 1460 	ld	(hl), #0x04
      000DDE 21rC6r02              1461 	ld	hl, #(_map1 + 0x0246)
      000DE1 36 04                 1462 	ld	(hl), #0x04
      000DE3 21rC7r02              1463 	ld	hl, #(_map1 + 0x0247)
      000DE6 36 04                 1464 	ld	(hl), #0x04
      000DE8 21rC8r02              1465 	ld	hl, #(_map1 + 0x0248)
      000DEB 36 04                 1466 	ld	(hl), #0x04
      000DED 21rC9r02              1467 	ld	hl, #(_map1 + 0x0249)
      000DF0 36 04                 1468 	ld	(hl), #0x04
      000DF2 21rCAr02              1469 	ld	hl, #(_map1 + 0x024a)
      000DF5 36 04                 1470 	ld	(hl), #0x04
      000DF7 21rCBr02              1471 	ld	hl, #(_map1 + 0x024b)
      000DFA 36 04                 1472 	ld	(hl), #0x04
      000DFC 21rCCr02              1473 	ld	hl, #(_map1 + 0x024c)
      000DFF 36 04                 1474 	ld	(hl), #0x04
      000E01 21rCDr02              1475 	ld	hl, #(_map1 + 0x024d)
      000E04 36 04                 1476 	ld	(hl), #0x04
      000E06 21rCEr02              1477 	ld	hl, #(_map1 + 0x024e)
      000E09 36 04                 1478 	ld	(hl), #0x04
      000E0B 21rCFr02              1479 	ld	hl, #(_map1 + 0x024f)
      000E0E 36 04                 1480 	ld	(hl), #0x04
      000E10 21rD0r02              1481 	ld	hl, #(_map1 + 0x0250)
      000E13 36 04                 1482 	ld	(hl), #0x04
      000E15 21rD1r02              1483 	ld	hl, #(_map1 + 0x0251)
      000E18 36 04                 1484 	ld	(hl), #0x04
      000E1A 21rD2r02              1485 	ld	hl, #(_map1 + 0x0252)
      000E1D 36 04                 1486 	ld	(hl), #0x04
      000E1F 21rD3r02              1487 	ld	hl, #(_map1 + 0x0253)
      000E22 36 04                 1488 	ld	(hl), #0x04
      000E24 21rD4r02              1489 	ld	hl, #(_map1 + 0x0254)
      000E27 36 04                 1490 	ld	(hl), #0x04
      000E29 21rD5r02              1491 	ld	hl, #(_map1 + 0x0255)
      000E2C 36 04                 1492 	ld	(hl), #0x04
      000E2E 21rD6r02              1493 	ld	hl, #(_map1 + 0x0256)
      000E31 36 04                 1494 	ld	(hl), #0x04
      000E33 21rD7r02              1495 	ld	hl, #(_map1 + 0x0257)
      000E36 36 04                 1496 	ld	(hl), #0x04
                                   1497 ;--------------------------------------------------------
                                   1498 ; Home
                                   1499 ;--------------------------------------------------------
                                   1500 	.area _HOME
                                   1501 	.area _HOME
                                   1502 ;--------------------------------------------------------
                                   1503 ; code
                                   1504 ;--------------------------------------------------------
                                   1505 	.area _CODE
                                   1506 ;main.c:5: void main () {
                                   1507 ;	---------------------------------
                                   1508 ; Function main
                                   1509 ; ---------------------------------
      000000                       1510 _main::
                                   1511 ;main.c:6: set_bkg_data(0,7,TileLabels);
      000000 21r00r00              1512 	ld	hl, #_TileLabels
      000003 E5                    1513 	push	hl
      000004 3E 07                 1514 	ld	a, #0x07
      000006 F5                    1515 	push	af
      000007 33                    1516 	inc	sp
      000008 AF                    1517 	xor	a, a
      000009 F5                    1518 	push	af
      00000A 33                    1519 	inc	sp
      00000B CDr00r00              1520 	call	_set_bkg_data
      00000E E8 04                 1521 	add	sp, #4
                                   1522 ;main.c:7: set_bkg_tiles(0,0,40,18,map1);
      000010 21r80r00              1523 	ld	hl, #_map1
      000013 E5                    1524 	push	hl
      000014 11 28 12              1525 	ld	de, #0x1228
      000017 D5                    1526 	push	de
      000018 AF                    1527 	xor	a, a
      000019 F5                    1528 	push	af
      00001A 33                    1529 	inc	sp
      00001B AF                    1530 	xor	a, a
      00001C F5                    1531 	push	af
      00001D 33                    1532 	inc	sp
      00001E CDr00r00              1533 	call	_set_bkg_tiles
      000021 E8 06                 1534 	add	sp, #6
                                   1535 ;main.c:8: SHOW_BKG;
      000023 F0r00                 1536 	ldh	a, (_LCDC_REG+0)
      000025 F6 01                 1537 	or	a, #0x01
      000027 E0r00                 1538 	ldh	(_LCDC_REG+0),a
                                   1539 ;main.c:9: DISPLAY_ON;
      000029 F0r00                 1540 	ldh	a, (_LCDC_REG+0)
      00002B F6 80                 1541 	or	a, #0x80
      00002D E0r00                 1542 	ldh	(_LCDC_REG+0),a
                                   1543 ;main.c:10: while (1) {
      00002F                       1544 00102$:
                                   1545 ;c:/users/purpl/desktop/gbdk/include/gb/gb.h:775: SCX_REG+=x, SCY_REG+=y;
      00002F F0r00                 1546 	ldh	a, (_SCX_REG+0)
      000031 3C                    1547 	inc	a
      000032 E0r00                 1548 	ldh	(_SCX_REG+0),a
                                   1549 ;main.c:12: delay (100);
      000034 21 64 00              1550 	ld	hl, #0x0064
      000037 E5                    1551 	push	hl
      000038 CDr00r00              1552 	call	_delay
      00003B E8 02                 1553 	add	sp, #2
                                   1554 ;main.c:14: }
      00003D 18 F0                 1555 	jr	00102$
                                   1556 	.area _CODE
                                   1557 	.area _CABS (ABS)
